{"D:\\Studia\\6. semestr\\Projekt zespołowy - projektowanie\\ProjektZespolowy\\Implementacja\\presence_QR_server\\config.js": {"path":"D:\\Studia\\6. semestr\\Projekt zespołowy - projektowanie\\ProjektZespolowy\\Implementacja\\presence_QR_server\\config.js","statementMap":{"0":{"start":{"line":1,"column":15},"end":{"line":17,"column":3}},"1":{"start":{"line":18,"column":2},"end":{"line":18,"column":26}}},"fnMap":{},"branchMap":{},"s":{"0":9,"1":9},"f":{},"b":{},"_coverageSchema":"1a1c01bbd47fc00a2c39e90264f33305004495a9","hash":"b87316f371c1aa4aa9a5dda189905f142294bfbb"}
,"D:\\Studia\\6. semestr\\Projekt zespołowy - projektowanie\\ProjektZespolowy\\Implementacja\\presence_QR_server\\index.js": {"path":"D:\\Studia\\6. semestr\\Projekt zespołowy - projektowanie\\ProjektZespolowy\\Implementacja\\presence_QR_server\\index.js","statementMap":{"0":{"start":{"line":1,"column":16},"end":{"line":1,"column":34}},"1":{"start":{"line":2,"column":12},"end":{"line":2,"column":21}},"2":{"start":{"line":3,"column":13},"end":{"line":3,"column":17}},"3":{"start":{"line":4,"column":25},"end":{"line":4,"column":55}},"4":{"start":{"line":5,"column":20},"end":{"line":5,"column":45}},"5":{"start":{"line":6,"column":21},"end":{"line":6,"column":47}},"6":{"start":{"line":7,"column":22},"end":{"line":7,"column":49}},"7":{"start":{"line":8,"column":23},"end":{"line":8,"column":51}},"8":{"start":{"line":9,"column":25},"end":{"line":9,"column":55}},"9":{"start":{"line":10,"column":23},"end":{"line":10,"column":51}},"10":{"start":{"line":11,"column":19},"end":{"line":11,"column":43}},"11":{"start":{"line":12,"column":19},"end":{"line":12,"column":43}},"12":{"start":{"line":14,"column":11},"end":{"line":14,"column":26}},"13":{"start":{"line":15,"column":0},"end":{"line":15,"column":24}},"14":{"start":{"line":16,"column":0},"end":{"line":20,"column":2}},"15":{"start":{"line":24,"column":0},"end":{"line":24,"column":49}},"16":{"start":{"line":25,"column":0},"end":{"line":25,"column":39}},"17":{"start":{"line":26,"column":0},"end":{"line":26,"column":41}},"18":{"start":{"line":27,"column":0},"end":{"line":27,"column":43}},"19":{"start":{"line":28,"column":0},"end":{"line":28,"column":45}},"20":{"start":{"line":29,"column":0},"end":{"line":29,"column":49}},"21":{"start":{"line":30,"column":0},"end":{"line":30,"column":37}},"22":{"start":{"line":31,"column":0},"end":{"line":31,"column":45}},"23":{"start":{"line":32,"column":0},"end":{"line":32,"column":37}},"24":{"start":{"line":34,"column":0},"end":{"line":34,"column":60}},"25":{"start":{"line":36,"column":0},"end":{"line":36,"column":56}},"26":{"start":{"line":39,"column":0},"end":{"line":44,"column":3}},"27":{"start":{"line":40,"column":23},"end":{"line":40,"column":44}},"28":{"start":{"line":41,"column":4},"end":{"line":41,"column":42}},"29":{"start":{"line":42,"column":4},"end":{"line":42,"column":58}},"30":{"start":{"line":46,"column":13},"end":{"line":48,"column":2}},"31":{"start":{"line":47,"column":4},"end":{"line":47,"column":69}},"32":{"start":{"line":50,"column":0},"end":{"line":50,"column":23}}},"fnMap":{"0":{"name":"(anonymous_0)","decl":{"start":{"line":39,"column":8},"end":{"line":39,"column":9}},"loc":{"start":{"line":39,"column":33},"end":{"line":44,"column":1}},"line":39},"1":{"name":"(anonymous_1)","decl":{"start":{"line":46,"column":30},"end":{"line":46,"column":31}},"loc":{"start":{"line":46,"column":36},"end":{"line":48,"column":1}},"line":46}},"branchMap":{"0":{"loc":{"start":{"line":40,"column":23},"end":{"line":40,"column":44}},"type":"binary-expr","locations":[{"start":{"line":40,"column":23},"end":{"line":40,"column":37}},{"start":{"line":40,"column":41},"end":{"line":40,"column":44}}],"line":40}},"s":{"0":9,"1":9,"2":9,"3":9,"4":9,"5":9,"6":9,"7":9,"8":9,"9":9,"10":9,"11":9,"12":9,"13":9,"14":9,"15":9,"16":9,"17":9,"18":9,"19":9,"20":9,"21":9,"22":9,"23":9,"24":9,"25":9,"26":9,"27":9,"28":9,"29":9,"30":9,"31":9,"32":9},"f":{"0":9,"1":9},"b":{"0":[9,9]},"_coverageSchema":"1a1c01bbd47fc00a2c39e90264f33305004495a9","hash":"7fe3d062d71d16991c5ddf7a34870c3382289c02"}
,"D:\\Studia\\6. semestr\\Projekt zespołowy - projektowanie\\ProjektZespolowy\\Implementacja\\presence_QR_server\\models\\authentication.js": {"path":"D:\\Studia\\6. semestr\\Projekt zespołowy - projektowanie\\ProjektZespolowy\\Implementacja\\presence_QR_server\\models\\authentication.js","statementMap":{"0":{"start":{"line":1,"column":12},"end":{"line":1,"column":26}},"1":{"start":{"line":2,"column":12},"end":{"line":2,"column":35}},"2":{"start":{"line":3,"column":15},"end":{"line":3,"column":32}},"3":{"start":{"line":7,"column":4},"end":{"line":31,"column":5}},"4":{"start":{"line":8,"column":20},"end":{"line":8,"column":22}},"5":{"start":{"line":9,"column":8},"end":{"line":14,"column":9}},"6":{"start":{"line":10,"column":12},"end":{"line":10,"column":35}},"7":{"start":{"line":15,"column":8},"end":{"line":28,"column":9}},"8":{"start":{"line":16,"column":12},"end":{"line":20,"column":13}},"9":{"start":{"line":16,"column":25},"end":{"line":16,"column":26}},"10":{"start":{"line":17,"column":16},"end":{"line":19,"column":17}},"11":{"start":{"line":18,"column":20},"end":{"line":18,"column":31}},"12":{"start":{"line":21,"column":12},"end":{"line":21,"column":24}},"13":{"start":{"line":23,"column":12},"end":{"line":27,"column":13}},"14":{"start":{"line":24,"column":16},"end":{"line":24,"column":27}},"15":{"start":{"line":26,"column":16},"end":{"line":26,"column":28}},"16":{"start":{"line":35,"column":4},"end":{"line":40,"column":5}},"17":{"start":{"line":36,"column":8},"end":{"line":36,"column":50}},"18":{"start":{"line":41,"column":4},"end":{"line":41,"column":15}},"19":{"start":{"line":44,"column":0},"end":{"line":47,"column":1}}},"fnMap":{"0":{"name":"authenticateWithRole","decl":{"start":{"line":5,"column":9},"end":{"line":5,"column":29}},"loc":{"start":{"line":5,"column":45},"end":{"line":32,"column":1}},"line":5},"1":{"name":"authenticateJWT","decl":{"start":{"line":34,"column":9},"end":{"line":34,"column":24}},"loc":{"start":{"line":34,"column":30},"end":{"line":42,"column":1}},"line":34}},"branchMap":{"0":{"loc":{"start":{"line":7,"column":4},"end":{"line":31,"column":5}},"type":"if","locations":[{"start":{"line":7,"column":4},"end":{"line":31,"column":5}}],"line":7},"1":{"loc":{"start":{"line":15,"column":8},"end":{"line":28,"column":9}},"type":"if","locations":[{"start":{"line":15,"column":8},"end":{"line":28,"column":9}},{"start":{"line":22,"column":15},"end":{"line":28,"column":9}}],"line":15},"2":{"loc":{"start":{"line":17,"column":16},"end":{"line":19,"column":17}},"type":"if","locations":[{"start":{"line":17,"column":16},"end":{"line":19,"column":17}},{"start":{},"end":{}}],"line":17},"3":{"loc":{"start":{"line":23,"column":12},"end":{"line":27,"column":13}},"type":"if","locations":[{"start":{"line":23,"column":12},"end":{"line":27,"column":13}},{"start":{"line":25,"column":19},"end":{"line":27,"column":13}}],"line":23}},"s":{"0":9,"1":9,"2":9,"3":961,"4":961,"5":961,"6":961,"7":961,"8":112,"9":112,"10":155,"11":87,"12":25,"13":849,"14":790,"15":59,"16":961,"17":961,"18":961,"19":9},"f":{"0":961,"1":961},"b":{"0":[961],"1":[112,849],"2":[87,68],"3":[790,59]},"_coverageSchema":"1a1c01bbd47fc00a2c39e90264f33305004495a9","hash":"32ae16610d9d731987dd8d157756d6b62ccd340b"}
,"D:\\Studia\\6. semestr\\Projekt zespołowy - projektowanie\\ProjektZespolowy\\Implementacja\\presence_QR_server\\models\\class.js": {"path":"D:\\Studia\\6. semestr\\Projekt zespołowy - projektowanie\\ProjektZespolowy\\Implementacja\\presence_QR_server\\models\\class.js","statementMap":{"0":{"start":{"line":1,"column":11},"end":{"line":1,"column":26}},"1":{"start":{"line":2,"column":15},"end":{"line":2,"column":35}},"2":{"start":{"line":3,"column":23},"end":{"line":3,"column":58}},"3":{"start":{"line":8,"column":12},"end":{"line":8,"column":20}},"4":{"start":{"line":9,"column":15},"end":{"line":9,"column":58}},"5":{"start":{"line":10,"column":15},"end":{"line":10,"column":58}},"6":{"start":{"line":11,"column":12},"end":{"line":13,"column":47}},"7":{"start":{"line":14,"column":12},"end":{"line":14,"column":58}},"8":{"start":{"line":15,"column":12},"end":{"line":15,"column":17}},"9":{"start":{"line":16,"column":4},"end":{"line":16,"column":20}},"10":{"start":{"line":20,"column":16},"end":{"line":20,"column":44}},"11":{"start":{"line":21,"column":18},"end":{"line":21,"column":46}},"12":{"start":{"line":22,"column":18},"end":{"line":22,"column":46}},"13":{"start":{"line":23,"column":24},"end":{"line":23,"column":61}},"14":{"start":{"line":24,"column":4},"end":{"line":24,"column":24}},"15":{"start":{"line":29,"column":17},"end":{"line":32,"column":5}},"16":{"start":{"line":33,"column":4},"end":{"line":33,"column":15}},"17":{"start":{"line":46,"column":17},"end":{"line":57,"column":5}},"18":{"start":{"line":58,"column":28},"end":{"line":62,"column":5}},"19":{"start":{"line":63,"column":19},"end":{"line":63,"column":21}},"20":{"start":{"line":64,"column":4},"end":{"line":94,"column":5}},"21":{"start":{"line":64,"column":17},"end":{"line":64,"column":18}},"22":{"start":{"line":67,"column":18},"end":{"line":67,"column":37}},"23":{"start":{"line":68,"column":8},"end":{"line":68,"column":40}},"24":{"start":{"line":69,"column":8},"end":{"line":69,"column":34}},"25":{"start":{"line":70,"column":8},"end":{"line":70,"column":58}},"26":{"start":{"line":71,"column":8},"end":{"line":71,"column":58}},"27":{"start":{"line":73,"column":24},"end":{"line":73,"column":69}},"28":{"start":{"line":75,"column":24},"end":{"line":75,"column":43}},"29":{"start":{"line":77,"column":8},"end":{"line":82,"column":9}},"30":{"start":{"line":77,"column":22},"end":{"line":77,"column":35}},"31":{"start":{"line":78,"column":12},"end":{"line":81,"column":13}},"32":{"start":{"line":79,"column":16},"end":{"line":79,"column":38}},"33":{"start":{"line":80,"column":16},"end":{"line":80,"column":21}},"34":{"start":{"line":84,"column":17},"end":{"line":84,"column":18}},"35":{"start":{"line":85,"column":8},"end":{"line":93,"column":9}},"36":{"start":{"line":85,"column":21},"end":{"line":85,"column":38}},"37":{"start":{"line":86,"column":12},"end":{"line":92,"column":13}},"38":{"start":{"line":86,"column":25},"end":{"line":86,"column":26}},"39":{"start":{"line":88,"column":16},"end":{"line":91,"column":17}},"40":{"start":{"line":89,"column":20},"end":{"line":89,"column":24}},"41":{"start":{"line":90,"column":20},"end":{"line":90,"column":434}},"42":{"start":{"line":95,"column":4},"end":{"line":95,"column":19}},"43":{"start":{"line":100,"column":13},"end":{"line":100,"column":36}},"44":{"start":{"line":102,"column":23},"end":{"line":102,"column":46}},"45":{"start":{"line":104,"column":17},"end":{"line":114,"column":5}},"46":{"start":{"line":116,"column":28},"end":{"line":120,"column":5}},"47":{"start":{"line":124,"column":14},"end":{"line":124,"column":33}},"48":{"start":{"line":125,"column":4},"end":{"line":125,"column":36}},"49":{"start":{"line":126,"column":4},"end":{"line":126,"column":30}},"50":{"start":{"line":127,"column":4},"end":{"line":127,"column":54}},"51":{"start":{"line":128,"column":4},"end":{"line":128,"column":54}},"52":{"start":{"line":130,"column":20},"end":{"line":130,"column":65}},"53":{"start":{"line":132,"column":20},"end":{"line":132,"column":39}},"54":{"start":{"line":134,"column":4},"end":{"line":139,"column":5}},"55":{"start":{"line":134,"column":18},"end":{"line":134,"column":31}},"56":{"start":{"line":135,"column":8},"end":{"line":138,"column":9}},"57":{"start":{"line":136,"column":12},"end":{"line":136,"column":34}},"58":{"start":{"line":137,"column":12},"end":{"line":137,"column":17}},"59":{"start":{"line":140,"column":13},"end":{"line":140,"column":14}},"60":{"start":{"line":143,"column":4},"end":{"line":153,"column":5}},"61":{"start":{"line":143,"column":17},"end":{"line":143,"column":34}},"62":{"start":{"line":144,"column":8},"end":{"line":152,"column":9}},"63":{"start":{"line":144,"column":21},"end":{"line":144,"column":22}},"64":{"start":{"line":146,"column":12},"end":{"line":151,"column":13}},"65":{"start":{"line":147,"column":16},"end":{"line":149,"column":17}},"66":{"start":{"line":148,"column":20},"end":{"line":148,"column":371}},"67":{"start":{"line":150,"column":16},"end":{"line":150,"column":20}},"68":{"start":{"line":154,"column":4},"end":{"line":154,"column":17}},"69":{"start":{"line":159,"column":17},"end":{"line":163,"column":5}},"70":{"start":{"line":164,"column":14},"end":{"line":164,"column":33}},"71":{"start":{"line":165,"column":4},"end":{"line":167,"column":5}},"72":{"start":{"line":165,"column":17},"end":{"line":165,"column":18}},"73":{"start":{"line":166,"column":8},"end":{"line":166,"column":101}},"74":{"start":{"line":168,"column":4},"end":{"line":168,"column":15}},"75":{"start":{"line":172,"column":23},"end":{"line":172,"column":53}},"76":{"start":{"line":173,"column":21},"end":{"line":173,"column":51}},"77":{"start":{"line":175,"column":17},"end":{"line":185,"column":5}},"78":{"start":{"line":187,"column":28},"end":{"line":191,"column":5}},"79":{"start":{"line":195,"column":14},"end":{"line":195,"column":33}},"80":{"start":{"line":196,"column":4},"end":{"line":196,"column":36}},"81":{"start":{"line":197,"column":4},"end":{"line":197,"column":30}},"82":{"start":{"line":198,"column":4},"end":{"line":198,"column":54}},"83":{"start":{"line":199,"column":4},"end":{"line":199,"column":54}},"84":{"start":{"line":201,"column":20},"end":{"line":201,"column":65}},"85":{"start":{"line":203,"column":20},"end":{"line":203,"column":39}},"86":{"start":{"line":205,"column":4},"end":{"line":210,"column":5}},"87":{"start":{"line":205,"column":18},"end":{"line":205,"column":31}},"88":{"start":{"line":206,"column":8},"end":{"line":209,"column":9}},"89":{"start":{"line":207,"column":12},"end":{"line":207,"column":34}},"90":{"start":{"line":208,"column":12},"end":{"line":208,"column":17}},"91":{"start":{"line":211,"column":26},"end":{"line":211,"column":28}},"92":{"start":{"line":213,"column":4},"end":{"line":222,"column":5}},"93":{"start":{"line":213,"column":17},"end":{"line":213,"column":34}},"94":{"start":{"line":214,"column":8},"end":{"line":221,"column":9}},"95":{"start":{"line":214,"column":21},"end":{"line":214,"column":22}},"96":{"start":{"line":216,"column":12},"end":{"line":220,"column":13}},"97":{"start":{"line":217,"column":16},"end":{"line":219,"column":17}},"98":{"start":{"line":218,"column":20},"end":{"line":218,"column":282}},"99":{"start":{"line":223,"column":4},"end":{"line":223,"column":26}},"100":{"start":{"line":227,"column":23},"end":{"line":227,"column":53}},"101":{"start":{"line":228,"column":21},"end":{"line":228,"column":51}},"102":{"start":{"line":229,"column":17},"end":{"line":240,"column":5}},"103":{"start":{"line":241,"column":4},"end":{"line":241,"column":15}},"104":{"start":{"line":245,"column":4},"end":{"line":247,"column":5}},"105":{"start":{"line":246,"column":8},"end":{"line":246,"column":20}},"106":{"start":{"line":248,"column":25},"end":{"line":248,"column":27}},"107":{"start":{"line":249,"column":19},"end":{"line":249,"column":21}},"108":{"start":{"line":250,"column":4},"end":{"line":253,"column":5}},"109":{"start":{"line":250,"column":17},"end":{"line":250,"column":18}},"110":{"start":{"line":251,"column":8},"end":{"line":251,"column":105}},"111":{"start":{"line":252,"column":8},"end":{"line":252,"column":47}},"112":{"start":{"line":254,"column":4},"end":{"line":254,"column":36}},"113":{"start":{"line":255,"column":4},"end":{"line":260,"column":6}},"114":{"start":{"line":261,"column":4},"end":{"line":261,"column":15}},"115":{"start":{"line":267,"column":33},"end":{"line":273,"column":5}},"116":{"start":{"line":276,"column":4},"end":{"line":279,"column":5}},"117":{"start":{"line":282,"column":25},"end":{"line":283,"column":45}},"118":{"start":{"line":286,"column":23},"end":{"line":286,"column":25}},"119":{"start":{"line":287,"column":4},"end":{"line":291,"column":5}},"120":{"start":{"line":287,"column":17},"end":{"line":287,"column":18}},"121":{"start":{"line":288,"column":8},"end":{"line":290,"column":9}},"122":{"start":{"line":288,"column":21},"end":{"line":288,"column":22}},"123":{"start":{"line":289,"column":12},"end":{"line":289,"column":121}},"124":{"start":{"line":292,"column":4},"end":{"line":292,"column":44}},"125":{"start":{"line":295,"column":4},"end":{"line":298,"column":5}},"126":{"start":{"line":303,"column":21},"end":{"line":312,"column":39}},"127":{"start":{"line":315,"column":4},"end":{"line":353,"column":5}},"128":{"start":{"line":316,"column":8},"end":{"line":316,"column":60}},"129":{"start":{"line":317,"column":8},"end":{"line":317,"column":90}},"130":{"start":{"line":320,"column":9},"end":{"line":353,"column":5}},"131":{"start":{"line":321,"column":8},"end":{"line":321,"column":65}},"132":{"start":{"line":322,"column":8},"end":{"line":322,"column":119}},"133":{"start":{"line":325,"column":9},"end":{"line":353,"column":5}},"134":{"start":{"line":326,"column":8},"end":{"line":326,"column":76}},"135":{"start":{"line":327,"column":8},"end":{"line":327,"column":154}},"136":{"start":{"line":330,"column":9},"end":{"line":353,"column":5}},"137":{"start":{"line":331,"column":8},"end":{"line":331,"column":86}},"138":{"start":{"line":332,"column":8},"end":{"line":332,"column":187}},"139":{"start":{"line":335,"column":9},"end":{"line":353,"column":5}},"140":{"start":{"line":336,"column":8},"end":{"line":336,"column":68}},"141":{"start":{"line":337,"column":8},"end":{"line":337,"column":125}},"142":{"start":{"line":340,"column":9},"end":{"line":353,"column":5}},"143":{"start":{"line":341,"column":8},"end":{"line":341,"column":79}},"144":{"start":{"line":342,"column":8},"end":{"line":342,"column":160}},"145":{"start":{"line":345,"column":9},"end":{"line":353,"column":5}},"146":{"start":{"line":346,"column":8},"end":{"line":346,"column":69}},"147":{"start":{"line":347,"column":8},"end":{"line":347,"column":127}},"148":{"start":{"line":350,"column":9},"end":{"line":353,"column":5}},"149":{"start":{"line":351,"column":8},"end":{"line":351,"column":75}},"150":{"start":{"line":352,"column":8},"end":{"line":352,"column":152}},"151":{"start":{"line":354,"column":4},"end":{"line":354,"column":15}},"152":{"start":{"line":358,"column":17},"end":{"line":370,"column":5}},"153":{"start":{"line":372,"column":14},"end":{"line":372,"column":33}},"154":{"start":{"line":373,"column":4},"end":{"line":373,"column":117}},"155":{"start":{"line":374,"column":4},"end":{"line":374,"column":105}},"156":{"start":{"line":375,"column":4},"end":{"line":375,"column":15}},"157":{"start":{"line":380,"column":17},"end":{"line":390,"column":5}},"158":{"start":{"line":391,"column":4},"end":{"line":391,"column":15}},"159":{"start":{"line":396,"column":4},"end":{"line":396,"column":22}},"160":{"start":{"line":397,"column":4},"end":{"line":397,"column":44}},"161":{"start":{"line":398,"column":34},"end":{"line":406,"column":5}},"162":{"start":{"line":408,"column":4},"end":{"line":410,"column":5}},"163":{"start":{"line":409,"column":8},"end":{"line":409,"column":18}},"164":{"start":{"line":414,"column":4},"end":{"line":466,"column":5}},"165":{"start":{"line":416,"column":8},"end":{"line":449,"column":9}},"166":{"start":{"line":416,"column":21},"end":{"line":416,"column":22}},"167":{"start":{"line":418,"column":26},"end":{"line":418,"column":82}},"168":{"start":{"line":419,"column":26},"end":{"line":419,"column":82}},"169":{"start":{"line":420,"column":28},"end":{"line":420,"column":78}},"170":{"start":{"line":421,"column":26},"end":{"line":421,"column":73}},"171":{"start":{"line":423,"column":26},"end":{"line":423,"column":36}},"172":{"start":{"line":424,"column":24},"end":{"line":424,"column":60}},"173":{"start":{"line":425,"column":26},"end":{"line":425,"column":66}},"174":{"start":{"line":426,"column":26},"end":{"line":426,"column":64}},"175":{"start":{"line":427,"column":26},"end":{"line":427,"column":63}},"176":{"start":{"line":428,"column":12},"end":{"line":428,"column":40}},"177":{"start":{"line":432,"column":12},"end":{"line":432,"column":32}},"178":{"start":{"line":433,"column":12},"end":{"line":433,"column":32}},"179":{"start":{"line":434,"column":12},"end":{"line":434,"column":32}},"180":{"start":{"line":435,"column":12},"end":{"line":448,"column":13}},"181":{"start":{"line":436,"column":16},"end":{"line":438,"column":17}},"182":{"start":{"line":437,"column":20},"end":{"line":437,"column":30}},"183":{"start":{"line":440,"column":16},"end":{"line":447,"column":17}},"184":{"start":{"line":441,"column":20},"end":{"line":441,"column":60}},"185":{"start":{"line":442,"column":20},"end":{"line":442,"column":25}},"186":{"start":{"line":446,"column":20},"end":{"line":446,"column":30}},"187":{"start":{"line":451,"column":8},"end":{"line":453,"column":9}},"188":{"start":{"line":452,"column":12},"end":{"line":452,"column":22}},"189":{"start":{"line":455,"column":8},"end":{"line":459,"column":9}},"190":{"start":{"line":460,"column":8},"end":{"line":460,"column":136}},"191":{"start":{"line":462,"column":8},"end":{"line":462,"column":18}},"192":{"start":{"line":465,"column":8},"end":{"line":465,"column":18}},"193":{"start":{"line":471,"column":4},"end":{"line":475,"column":6}},"194":{"start":{"line":478,"column":0},"end":{"line":492,"column":1}}},"fnMap":{"0":{"name":"measure","decl":{"start":{"line":6,"column":9},"end":{"line":6,"column":16}},"loc":{"start":{"line":6,"column":41},"end":{"line":17,"column":1}},"line":6},"1":{"name":"toSeconds","decl":{"start":{"line":19,"column":9},"end":{"line":19,"column":18}},"loc":{"start":{"line":19,"column":25},"end":{"line":25,"column":1}},"line":19},"2":{"name":"getAllClasses","decl":{"start":{"line":28,"column":15},"end":{"line":28,"column":28}},"loc":{"start":{"line":28,"column":31},"end":{"line":34,"column":1}},"line":28},"3":{"name":"getLecturerCalendar","decl":{"start":{"line":45,"column":15},"end":{"line":45,"column":34}},"loc":{"start":{"line":45,"column":61},"end":{"line":96,"column":1}},"line":45},"4":{"name":"getLessonData","decl":{"start":{"line":98,"column":15},"end":{"line":98,"column":28}},"loc":{"start":{"line":98,"column":53},"end":{"line":155,"column":1}},"line":98},"5":{"name":"getClassesCalendar","decl":{"start":{"line":157,"column":15},"end":{"line":157,"column":33}},"loc":{"start":{"line":157,"column":38},"end":{"line":169,"column":1}},"line":157},"6":{"name":"getClassesCalendarForSubjectGroup","decl":{"start":{"line":171,"column":15},"end":{"line":171,"column":48}},"loc":{"start":{"line":171,"column":80},"end":{"line":224,"column":1}},"line":171},"7":{"name":"getAttendanceList","decl":{"start":{"line":226,"column":15},"end":{"line":226,"column":32}},"loc":{"start":{"line":226,"column":90},"end":{"line":242,"column":1}},"line":226},"8":{"name":"changeAttendanceList","decl":{"start":{"line":244,"column":15},"end":{"line":244,"column":35}},"loc":{"start":{"line":244,"column":53},"end":{"line":262,"column":1}},"line":244},"9":{"name":"addClasses","decl":{"start":{"line":264,"column":15},"end":{"line":264,"column":25}},"loc":{"start":{"line":264,"column":156},"end":{"line":299,"column":1}},"line":264},"10":{"name":"searchClasses","decl":{"start":{"line":301,"column":15},"end":{"line":301,"column":28}},"loc":{"start":{"line":301,"column":79},"end":{"line":355,"column":1}},"line":301},"11":{"name":"getClassesData","decl":{"start":{"line":357,"column":15},"end":{"line":357,"column":29}},"loc":{"start":{"line":357,"column":40},"end":{"line":376,"column":1}},"line":357},"12":{"name":"getAttendanceListForStudent","decl":{"start":{"line":379,"column":15},"end":{"line":379,"column":42}},"loc":{"start":{"line":379,"column":61},"end":{"line":392,"column":1}},"line":379},"13":{"name":"changePresenceStatus","decl":{"start":{"line":394,"column":15},"end":{"line":394,"column":35}},"loc":{"start":{"line":394,"column":68},"end":{"line":467,"column":1}},"line":394},"14":{"name":"editClasses","decl":{"start":{"line":470,"column":15},"end":{"line":470,"column":26}},"loc":{"start":{"line":470,"column":58},"end":{"line":476,"column":1}},"line":470}},"branchMap":{"0":{"loc":{"start":{"line":78,"column":12},"end":{"line":81,"column":13}},"type":"if","locations":[{"start":{"line":78,"column":12},"end":{"line":81,"column":13}},{"start":{},"end":{}}],"line":78},"1":{"loc":{"start":{"line":88,"column":16},"end":{"line":91,"column":17}},"type":"if","locations":[{"start":{"line":88,"column":16},"end":{"line":91,"column":17}},{"start":{},"end":{}}],"line":88},"2":{"loc":{"start":{"line":135,"column":8},"end":{"line":138,"column":9}},"type":"if","locations":[{"start":{"line":135,"column":8},"end":{"line":138,"column":9}},{"start":{},"end":{}}],"line":135},"3":{"loc":{"start":{"line":146,"column":12},"end":{"line":151,"column":13}},"type":"if","locations":[{"start":{"line":146,"column":12},"end":{"line":151,"column":13}},{"start":{},"end":{}}],"line":146},"4":{"loc":{"start":{"line":147,"column":16},"end":{"line":149,"column":17}},"type":"if","locations":[{"start":{"line":147,"column":16},"end":{"line":149,"column":17}},{"start":{},"end":{}}],"line":147},"5":{"loc":{"start":{"line":206,"column":8},"end":{"line":209,"column":9}},"type":"if","locations":[{"start":{"line":206,"column":8},"end":{"line":209,"column":9}},{"start":{},"end":{}}],"line":206},"6":{"loc":{"start":{"line":216,"column":12},"end":{"line":220,"column":13}},"type":"if","locations":[{"start":{"line":216,"column":12},"end":{"line":220,"column":13}},{"start":{},"end":{}}],"line":216},"7":{"loc":{"start":{"line":217,"column":16},"end":{"line":219,"column":17}},"type":"if","locations":[{"start":{"line":217,"column":16},"end":{"line":219,"column":17}},{"start":{},"end":{}}],"line":217},"8":{"loc":{"start":{"line":245,"column":4},"end":{"line":247,"column":5}},"type":"if","locations":[{"start":{"line":245,"column":4},"end":{"line":247,"column":5}},{"start":{},"end":{}}],"line":245},"9":{"loc":{"start":{"line":245,"column":8},"end":{"line":245,"column":63}},"type":"binary-expr","locations":[{"start":{"line":245,"column":8},"end":{"line":245,"column":30}},{"start":{"line":245,"column":34},"end":{"line":245,"column":63}}],"line":245},"10":{"loc":{"start":{"line":315,"column":4},"end":{"line":353,"column":5}},"type":"if","locations":[{"start":{"line":315,"column":4},"end":{"line":353,"column":5}},{"start":{"line":320,"column":9},"end":{"line":353,"column":5}}],"line":315},"11":{"loc":{"start":{"line":315,"column":8},"end":{"line":315,"column":90}},"type":"binary-expr","locations":[{"start":{"line":315,"column":8},"end":{"line":315,"column":26}},{"start":{"line":315,"column":30},"end":{"line":315,"column":45}},{"start":{"line":315,"column":49},"end":{"line":315,"column":68}},{"start":{"line":315,"column":72},"end":{"line":315,"column":90}}],"line":315},"12":{"loc":{"start":{"line":320,"column":9},"end":{"line":353,"column":5}},"type":"if","locations":[{"start":{"line":320,"column":9},"end":{"line":353,"column":5}},{"start":{"line":325,"column":9},"end":{"line":353,"column":5}}],"line":320},"13":{"loc":{"start":{"line":320,"column":13},"end":{"line":320,"column":95}},"type":"binary-expr","locations":[{"start":{"line":320,"column":13},"end":{"line":320,"column":31}},{"start":{"line":320,"column":35},"end":{"line":320,"column":50}},{"start":{"line":320,"column":54},"end":{"line":320,"column":73}},{"start":{"line":320,"column":77},"end":{"line":320,"column":95}}],"line":320},"14":{"loc":{"start":{"line":325,"column":9},"end":{"line":353,"column":5}},"type":"if","locations":[{"start":{"line":325,"column":9},"end":{"line":353,"column":5}},{"start":{"line":330,"column":9},"end":{"line":353,"column":5}}],"line":325},"15":{"loc":{"start":{"line":325,"column":13},"end":{"line":325,"column":95}},"type":"binary-expr","locations":[{"start":{"line":325,"column":13},"end":{"line":325,"column":31}},{"start":{"line":325,"column":35},"end":{"line":325,"column":50}},{"start":{"line":325,"column":54},"end":{"line":325,"column":73}},{"start":{"line":325,"column":77},"end":{"line":325,"column":95}}],"line":325},"16":{"loc":{"start":{"line":330,"column":9},"end":{"line":353,"column":5}},"type":"if","locations":[{"start":{"line":330,"column":9},"end":{"line":353,"column":5}},{"start":{"line":335,"column":9},"end":{"line":353,"column":5}}],"line":330},"17":{"loc":{"start":{"line":330,"column":13},"end":{"line":330,"column":95}},"type":"binary-expr","locations":[{"start":{"line":330,"column":13},"end":{"line":330,"column":31}},{"start":{"line":330,"column":35},"end":{"line":330,"column":50}},{"start":{"line":330,"column":54},"end":{"line":330,"column":73}},{"start":{"line":330,"column":77},"end":{"line":330,"column":95}}],"line":330},"18":{"loc":{"start":{"line":335,"column":9},"end":{"line":353,"column":5}},"type":"if","locations":[{"start":{"line":335,"column":9},"end":{"line":353,"column":5}},{"start":{"line":340,"column":9},"end":{"line":353,"column":5}}],"line":335},"19":{"loc":{"start":{"line":335,"column":13},"end":{"line":335,"column":95}},"type":"binary-expr","locations":[{"start":{"line":335,"column":13},"end":{"line":335,"column":31}},{"start":{"line":335,"column":35},"end":{"line":335,"column":50}},{"start":{"line":335,"column":54},"end":{"line":335,"column":73}},{"start":{"line":335,"column":77},"end":{"line":335,"column":95}}],"line":335},"20":{"loc":{"start":{"line":340,"column":9},"end":{"line":353,"column":5}},"type":"if","locations":[{"start":{"line":340,"column":9},"end":{"line":353,"column":5}},{"start":{"line":345,"column":9},"end":{"line":353,"column":5}}],"line":340},"21":{"loc":{"start":{"line":340,"column":13},"end":{"line":340,"column":95}},"type":"binary-expr","locations":[{"start":{"line":340,"column":13},"end":{"line":340,"column":31}},{"start":{"line":340,"column":35},"end":{"line":340,"column":50}},{"start":{"line":340,"column":54},"end":{"line":340,"column":73}},{"start":{"line":340,"column":77},"end":{"line":340,"column":95}}],"line":340},"22":{"loc":{"start":{"line":345,"column":9},"end":{"line":353,"column":5}},"type":"if","locations":[{"start":{"line":345,"column":9},"end":{"line":353,"column":5}},{"start":{"line":350,"column":9},"end":{"line":353,"column":5}}],"line":345},"23":{"loc":{"start":{"line":345,"column":13},"end":{"line":345,"column":95}},"type":"binary-expr","locations":[{"start":{"line":345,"column":13},"end":{"line":345,"column":31}},{"start":{"line":345,"column":35},"end":{"line":345,"column":50}},{"start":{"line":345,"column":54},"end":{"line":345,"column":73}},{"start":{"line":345,"column":77},"end":{"line":345,"column":95}}],"line":345},"24":{"loc":{"start":{"line":350,"column":9},"end":{"line":353,"column":5}},"type":"if","locations":[{"start":{"line":350,"column":9},"end":{"line":353,"column":5}},{"start":{},"end":{}}],"line":350},"25":{"loc":{"start":{"line":350,"column":13},"end":{"line":350,"column":95}},"type":"binary-expr","locations":[{"start":{"line":350,"column":13},"end":{"line":350,"column":31}},{"start":{"line":350,"column":35},"end":{"line":350,"column":50}},{"start":{"line":350,"column":54},"end":{"line":350,"column":73}},{"start":{"line":350,"column":77},"end":{"line":350,"column":95}}],"line":350},"26":{"loc":{"start":{"line":408,"column":4},"end":{"line":410,"column":5}},"type":"if","locations":[{"start":{"line":408,"column":4},"end":{"line":410,"column":5}},{"start":{},"end":{}}],"line":408},"27":{"loc":{"start":{"line":414,"column":4},"end":{"line":466,"column":5}},"type":"if","locations":[{"start":{"line":414,"column":4},"end":{"line":466,"column":5}},{"start":{"line":463,"column":11},"end":{"line":466,"column":5}}],"line":414},"28":{"loc":{"start":{"line":435,"column":12},"end":{"line":448,"column":13}},"type":"if","locations":[{"start":{"line":435,"column":12},"end":{"line":448,"column":13}},{"start":{},"end":{}}],"line":435},"29":{"loc":{"start":{"line":435,"column":16},"end":{"line":435,"column":56}},"type":"binary-expr","locations":[{"start":{"line":435,"column":16},"end":{"line":435,"column":34}},{"start":{"line":435,"column":38},"end":{"line":435,"column":56}}],"line":435},"30":{"loc":{"start":{"line":436,"column":16},"end":{"line":438,"column":17}},"type":"if","locations":[{"start":{"line":436,"column":16},"end":{"line":438,"column":17}},{"start":{},"end":{}}],"line":436},"31":{"loc":{"start":{"line":440,"column":16},"end":{"line":447,"column":17}},"type":"if","locations":[{"start":{"line":440,"column":16},"end":{"line":447,"column":17}},{"start":{"line":444,"column":21},"end":{"line":447,"column":17}}],"line":440},"32":{"loc":{"start":{"line":440,"column":20},"end":{"line":440,"column":60}},"type":"binary-expr","locations":[{"start":{"line":440,"column":20},"end":{"line":440,"column":38}},{"start":{"line":440,"column":42},"end":{"line":440,"column":60}}],"line":440},"33":{"loc":{"start":{"line":451,"column":8},"end":{"line":453,"column":9}},"type":"if","locations":[{"start":{"line":451,"column":8},"end":{"line":453,"column":9}},{"start":{},"end":{}}],"line":451}},"s":{"0":9,"1":9,"2":9,"3":4,"4":4,"5":4,"6":4,"7":4,"8":4,"9":4,"10":15,"11":15,"12":15,"13":15,"14":15,"15":1,"16":1,"17":9,"18":9,"19":9,"20":9,"21":9,"22":39,"23":39,"24":39,"25":39,"26":39,"27":39,"28":39,"29":39,"30":39,"31":142,"32":39,"33":39,"34":39,"35":39,"36":39,"37":759,"38":759,"39":29601,"40":141,"41":141,"42":9,"43":48,"44":48,"45":48,"46":48,"47":48,"48":48,"49":45,"50":45,"51":45,"52":45,"53":45,"54":45,"55":45,"56":159,"57":45,"58":45,"59":45,"60":45,"61":45,"62":936,"63":936,"64":36504,"65":160,"66":45,"67":160,"68":45,"69":1,"70":1,"71":1,"72":1,"73":0,"74":1,"75":2,"76":2,"77":2,"78":2,"79":2,"80":2,"81":1,"82":1,"83":1,"84":1,"85":1,"86":1,"87":1,"88":5,"89":1,"90":1,"91":1,"92":1,"93":1,"94":21,"95":21,"96":819,"97":3,"98":3,"99":1,"100":1,"101":1,"102":1,"103":1,"104":2,"105":1,"106":1,"107":1,"108":1,"109":1,"110":1,"111":1,"112":1,"113":1,"114":1,"115":1,"116":1,"117":1,"118":1,"119":1,"120":1,"121":1,"122":1,"123":4,"124":1,"125":1,"126":8,"127":8,"128":1,"129":1,"130":7,"131":1,"132":1,"133":6,"134":1,"135":1,"136":5,"137":1,"138":1,"139":4,"140":1,"141":1,"142":3,"143":1,"144":1,"145":2,"146":1,"147":1,"148":1,"149":1,"150":1,"151":8,"152":1,"153":1,"154":1,"155":0,"156":0,"157":1,"158":1,"159":5,"160":5,"161":5,"162":5,"163":1,"164":4,"165":3,"166":3,"167":3,"168":3,"169":3,"170":3,"171":3,"172":3,"173":3,"174":3,"175":3,"176":3,"177":3,"178":3,"179":3,"180":3,"181":2,"182":2,"183":0,"184":0,"185":0,"186":0,"187":1,"188":1,"189":0,"190":0,"191":0,"192":1,"193":1,"194":9},"f":{"0":4,"1":15,"2":1,"3":9,"4":48,"5":1,"6":2,"7":1,"8":2,"9":1,"10":8,"11":1,"12":1,"13":5,"14":1},"b":{"0":[39,103],"1":[141,29460],"2":[45,114],"3":[160,36344],"4":[45,115],"5":[1,4],"6":[3,816],"7":[3,0],"8":[1,1],"9":[2,1],"10":[1,7],"11":[8,8,4,2],"12":[1,6],"13":[7,7,4,2],"14":[1,5],"15":[6,6,3,2],"16":[1,4],"17":[5,5,2,1],"18":[1,3],"19":[4,4,3,1],"20":[1,2],"21":[3,3,2,2],"22":[1,1],"23":[2,2,1,1],"24":[1,0],"25":[1,1,1,1],"26":[1,4],"27":[3,1],"28":[2,1],"29":[3,3],"30":[2,0],"31":[0,0],"32":[0,0],"33":[1,0]},"_coverageSchema":"1a1c01bbd47fc00a2c39e90264f33305004495a9","hash":"bdf5ced5e9e16c5a5c4645d06fff0a7488c9e638"}
,"D:\\Studia\\6. semestr\\Projekt zespołowy - projektowanie\\ProjektZespolowy\\Implementacja\\presence_QR_server\\models\\classroom.js": {"path":"D:\\Studia\\6. semestr\\Projekt zespołowy - projektowanie\\ProjektZespolowy\\Implementacja\\presence_QR_server\\models\\classroom.js","statementMap":{"0":{"start":{"line":1,"column":11},"end":{"line":1,"column":26}},"1":{"start":{"line":2,"column":15},"end":{"line":2,"column":35}},"2":{"start":{"line":5,"column":17},"end":{"line":8,"column":5}},"3":{"start":{"line":9,"column":4},"end":{"line":9,"column":15}},"4":{"start":{"line":13,"column":17},"end":{"line":17,"column":5}},"5":{"start":{"line":18,"column":4},"end":{"line":18,"column":15}},"6":{"start":{"line":22,"column":4},"end":{"line":22,"column":21}},"7":{"start":{"line":23,"column":4},"end":{"line":23,"column":36}},"8":{"start":{"line":25,"column":17},"end":{"line":25,"column":50}},"9":{"start":{"line":28,"column":4},"end":{"line":39,"column":5}},"10":{"start":{"line":29,"column":8},"end":{"line":29,"column":40}},"11":{"start":{"line":30,"column":8},"end":{"line":33,"column":9}},"12":{"start":{"line":35,"column":8},"end":{"line":38,"column":9}},"13":{"start":{"line":40,"column":4},"end":{"line":40,"column":120}},"14":{"start":{"line":41,"column":4},"end":{"line":45,"column":5}},"15":{"start":{"line":42,"column":8},"end":{"line":42,"column":20}},"16":{"start":{"line":44,"column":8},"end":{"line":44,"column":19}},"17":{"start":{"line":49,"column":17},"end":{"line":53,"column":5}},"18":{"start":{"line":54,"column":4},"end":{"line":54,"column":15}},"19":{"start":{"line":58,"column":17},"end":{"line":62,"column":5}},"20":{"start":{"line":63,"column":4},"end":{"line":63,"column":15}},"21":{"start":{"line":67,"column":4},"end":{"line":72,"column":6}},"22":{"start":{"line":73,"column":4},"end":{"line":73,"column":64}},"23":{"start":{"line":78,"column":4},"end":{"line":81,"column":5}},"24":{"start":{"line":82,"column":4},"end":{"line":82,"column":78}},"25":{"start":{"line":87,"column":4},"end":{"line":96,"column":5}},"26":{"start":{"line":88,"column":8},"end":{"line":93,"column":9}},"27":{"start":{"line":95,"column":8},"end":{"line":95,"column":20}},"28":{"start":{"line":98,"column":4},"end":{"line":101,"column":5}},"29":{"start":{"line":102,"column":4},"end":{"line":102,"column":81}},"30":{"start":{"line":103,"column":4},"end":{"line":103,"column":15}},"31":{"start":{"line":108,"column":22},"end":{"line":108,"column":24}},"32":{"start":{"line":109,"column":4},"end":{"line":111,"column":5}},"33":{"start":{"line":109,"column":17},"end":{"line":109,"column":18}},"34":{"start":{"line":110,"column":8},"end":{"line":110,"column":43}},"35":{"start":{"line":112,"column":4},"end":{"line":112,"column":42}},"36":{"start":{"line":114,"column":17},"end":{"line":125,"column":5}},"37":{"start":{"line":126,"column":4},"end":{"line":126,"column":15}},"38":{"start":{"line":130,"column":0},"end":{"line":140,"column":1}}},"fnMap":{"0":{"name":"getAllClassrooms","decl":{"start":{"line":4,"column":15},"end":{"line":4,"column":31}},"loc":{"start":{"line":4,"column":34},"end":{"line":10,"column":1}},"line":4},"1":{"name":"getAllClassroomsNamesFromFacility","decl":{"start":{"line":12,"column":15},"end":{"line":12,"column":48}},"loc":{"start":{"line":12,"column":62},"end":{"line":19,"column":1}},"line":12},"2":{"name":"createClassroom","decl":{"start":{"line":21,"column":15},"end":{"line":21,"column":30}},"loc":{"start":{"line":21,"column":37},"end":{"line":46,"column":1}},"line":21},"3":{"name":"getAllClassroomsFromFacility","decl":{"start":{"line":48,"column":15},"end":{"line":48,"column":43}},"loc":{"start":{"line":48,"column":57},"end":{"line":55,"column":1}},"line":48},"4":{"name":"getOneClassroom","decl":{"start":{"line":57,"column":15},"end":{"line":57,"column":30}},"loc":{"start":{"line":57,"column":48},"end":{"line":64,"column":1}},"line":57},"5":{"name":"updateOneClassroom","decl":{"start":{"line":66,"column":15},"end":{"line":66,"column":33}},"loc":{"start":{"line":66,"column":104},"end":{"line":74,"column":1}},"line":66},"6":{"name":"deleteOneClassroom","decl":{"start":{"line":76,"column":15},"end":{"line":76,"column":33}},"loc":{"start":{"line":76,"column":38},"end":{"line":83,"column":1}},"line":76},"7":{"name":"deleteOneClassroomNoCascade","decl":{"start":{"line":85,"column":15},"end":{"line":85,"column":42}},"loc":{"start":{"line":85,"column":47},"end":{"line":104,"column":1}},"line":85},"8":{"name":"classroomsScheduleForFacilityOnSpecificDays","decl":{"start":{"line":106,"column":15},"end":{"line":106,"column":58}},"loc":{"start":{"line":106,"column":78},"end":{"line":127,"column":1}},"line":106}},"branchMap":{"0":{"loc":{"start":{"line":28,"column":4},"end":{"line":39,"column":5}},"type":"if","locations":[{"start":{"line":28,"column":4},"end":{"line":39,"column":5}},{"start":{"line":34,"column":11},"end":{"line":39,"column":5}}],"line":28},"1":{"loc":{"start":{"line":41,"column":4},"end":{"line":45,"column":5}},"type":"if","locations":[{"start":{"line":41,"column":4},"end":{"line":45,"column":5}},{"start":{"line":43,"column":11},"end":{"line":45,"column":5}}],"line":41}},"s":{"0":9,"1":9,"2":1,"3":1,"4":1,"5":1,"6":100,"7":100,"8":100,"9":100,"10":0,"11":0,"12":100,"13":100,"14":100,"15":0,"16":100,"17":1,"18":1,"19":100,"20":100,"21":1,"22":1,"23":100,"24":100,"25":1,"26":1,"27":0,"28":1,"29":1,"30":1,"31":1,"32":1,"33":1,"34":2,"35":1,"36":1,"37":1,"38":9},"f":{"0":1,"1":1,"2":100,"3":1,"4":100,"5":1,"6":100,"7":1,"8":1},"b":{"0":[0,100],"1":[0,100]},"_coverageSchema":"1a1c01bbd47fc00a2c39e90264f33305004495a9","hash":"1385f8fcac5f4a31a3e179d8456d4d44125a3b9a"}
,"D:\\Studia\\6. semestr\\Projekt zespołowy - projektowanie\\ProjektZespolowy\\Implementacja\\presence_QR_server\\models\\day.js": {"path":"D:\\Studia\\6. semestr\\Projekt zespołowy - projektowanie\\ProjektZespolowy\\Implementacja\\presence_QR_server\\models\\day.js","statementMap":{"0":{"start":{"line":1,"column":11},"end":{"line":1,"column":26}},"1":{"start":{"line":2,"column":15},"end":{"line":2,"column":35}},"2":{"start":{"line":3,"column":23},"end":{"line":3,"column":58}},"3":{"start":{"line":4,"column":10},"end":{"line":4,"column":28}},"4":{"start":{"line":5,"column":21},"end":{"line":5,"column":39}},"5":{"start":{"line":8,"column":17},"end":{"line":11,"column":63}},"6":{"start":{"line":12,"column":4},"end":{"line":12,"column":15}},"7":{"start":{"line":16,"column":17},"end":{"line":19,"column":59}},"8":{"start":{"line":20,"column":4},"end":{"line":20,"column":15}},"9":{"start":{"line":24,"column":4},"end":{"line":24,"column":26}},"10":{"start":{"line":25,"column":27},"end":{"line":25,"column":32}},"11":{"start":{"line":26,"column":26},"end":{"line":26,"column":31}},"12":{"start":{"line":27,"column":15},"end":{"line":27,"column":17}},"13":{"start":{"line":28,"column":16},"end":{"line":28,"column":18}},"14":{"start":{"line":29,"column":15},"end":{"line":29,"column":17}},"15":{"start":{"line":30,"column":16},"end":{"line":30,"column":18}},"16":{"start":{"line":32,"column":4},"end":{"line":43,"column":5}},"17":{"start":{"line":32,"column":17},"end":{"line":32,"column":18}},"18":{"start":{"line":34,"column":8},"end":{"line":42,"column":9}},"19":{"start":{"line":35,"column":12},"end":{"line":35,"column":35}},"20":{"start":{"line":36,"column":12},"end":{"line":36,"column":54}},"21":{"start":{"line":37,"column":12},"end":{"line":37,"column":57}},"22":{"start":{"line":44,"column":4},"end":{"line":78,"column":5}},"23":{"start":{"line":46,"column":8},"end":{"line":46,"column":32}},"24":{"start":{"line":47,"column":8},"end":{"line":47,"column":34}},"25":{"start":{"line":48,"column":8},"end":{"line":53,"column":10}},"26":{"start":{"line":56,"column":8},"end":{"line":63,"column":9}},"27":{"start":{"line":64,"column":8},"end":{"line":64,"column":35}},"28":{"start":{"line":67,"column":29},"end":{"line":67,"column":31}},"29":{"start":{"line":68,"column":8},"end":{"line":70,"column":9}},"30":{"start":{"line":68,"column":21},"end":{"line":68,"column":22}},"31":{"start":{"line":69,"column":12},"end":{"line":69,"column":150}},"32":{"start":{"line":71,"column":8},"end":{"line":71,"column":52}},"33":{"start":{"line":74,"column":8},"end":{"line":77,"column":9}},"34":{"start":{"line":80,"column":4},"end":{"line":92,"column":5}},"35":{"start":{"line":96,"column":14},"end":{"line":96,"column":33}},"36":{"start":{"line":99,"column":19},"end":{"line":99,"column":65}},"37":{"start":{"line":102,"column":17},"end":{"line":102,"column":19}},"38":{"start":{"line":105,"column":4},"end":{"line":128,"column":5}},"39":{"start":{"line":105,"column":17},"end":{"line":105,"column":36}},"40":{"start":{"line":106,"column":41},"end":{"line":106,"column":46}},"41":{"start":{"line":107,"column":24},"end":{"line":107,"column":29}},"42":{"start":{"line":109,"column":8},"end":{"line":115,"column":9}},"43":{"start":{"line":109,"column":21},"end":{"line":109,"column":22}},"44":{"start":{"line":112,"column":12},"end":{"line":114,"column":13}},"45":{"start":{"line":117,"column":8},"end":{"line":123,"column":9}},"46":{"start":{"line":117,"column":21},"end":{"line":117,"column":22}},"47":{"start":{"line":118,"column":12},"end":{"line":122,"column":13}},"48":{"start":{"line":120,"column":16},"end":{"line":120,"column":100}},"49":{"start":{"line":121,"column":16},"end":{"line":121,"column":32}},"50":{"start":{"line":124,"column":8},"end":{"line":127,"column":9}},"51":{"start":{"line":126,"column":12},"end":{"line":126,"column":95}},"52":{"start":{"line":129,"column":4},"end":{"line":129,"column":32}},"53":{"start":{"line":132,"column":4},"end":{"line":142,"column":5}},"54":{"start":{"line":133,"column":8},"end":{"line":136,"column":9}},"55":{"start":{"line":137,"column":8},"end":{"line":137,"column":135}},"56":{"start":{"line":138,"column":8},"end":{"line":138,"column":19}},"57":{"start":{"line":145,"column":0},"end":{"line":150,"column":1}}},"fnMap":{"0":{"name":"getCalendarForFacility","decl":{"start":{"line":7,"column":15},"end":{"line":7,"column":37}},"loc":{"start":{"line":7,"column":51},"end":{"line":13,"column":1}},"line":7},"1":{"name":"getWholeCalendarForFacility","decl":{"start":{"line":15,"column":15},"end":{"line":15,"column":42}},"loc":{"start":{"line":15,"column":56},"end":{"line":21,"column":1}},"line":15},"2":{"name":"editCalendar","decl":{"start":{"line":23,"column":15},"end":{"line":23,"column":27}},"loc":{"start":{"line":23,"column":39},"end":{"line":93,"column":1}},"line":23},"3":{"name":"addDays","decl":{"start":{"line":95,"column":15},"end":{"line":95,"column":22}},"loc":{"start":{"line":95,"column":66},"end":{"line":143,"column":1}},"line":95}},"branchMap":{"0":{"loc":{"start":{"line":34,"column":8},"end":{"line":42,"column":9}},"type":"if","locations":[{"start":{"line":34,"column":8},"end":{"line":42,"column":9}}],"line":34},"1":{"loc":{"start":{"line":44,"column":4},"end":{"line":78,"column":5}},"type":"if","locations":[{"start":{"line":44,"column":4},"end":{"line":78,"column":5}},{"start":{},"end":{}}],"line":44},"2":{"loc":{"start":{"line":112,"column":12},"end":{"line":114,"column":13}},"type":"if","locations":[{"start":{},"end":{}}],"line":112},"3":{"loc":{"start":{"line":118,"column":12},"end":{"line":122,"column":13}},"type":"if","locations":[{"start":{"line":118,"column":12},"end":{"line":122,"column":13}},{"start":{},"end":{}}],"line":118},"4":{"loc":{"start":{"line":118,"column":16},"end":{"line":118,"column":92}},"type":"binary-expr","locations":[{"start":{"line":118,"column":16},"end":{"line":118,"column":61}},{"start":{"line":118,"column":65},"end":{"line":118,"column":92}}],"line":118},"5":{"loc":{"start":{"line":124,"column":8},"end":{"line":127,"column":9}},"type":"if","locations":[{"start":{"line":124,"column":8},"end":{"line":127,"column":9}},{"start":{},"end":{}}],"line":124},"6":{"loc":{"start":{"line":124,"column":12},"end":{"line":124,"column":53}},"type":"binary-expr","locations":[{"start":{"line":124,"column":12},"end":{"line":124,"column":22}},{"start":{"line":124,"column":26},"end":{"line":124,"column":53}}],"line":124},"7":{"loc":{"start":{"line":132,"column":4},"end":{"line":142,"column":5}},"type":"if","locations":[{"start":{"line":132,"column":4},"end":{"line":142,"column":5}}],"line":132}},"s":{"0":9,"1":9,"2":9,"3":9,"4":9,"5":1,"6":1,"7":2,"8":2,"9":1,"10":1,"11":1,"12":1,"13":1,"14":1,"15":1,"16":1,"17":1,"18":1,"19":1,"20":1,"21":1,"22":1,"23":1,"24":1,"25":1,"26":1,"27":1,"28":1,"29":1,"30":1,"31":70,"32":1,"33":1,"34":1,"35":1,"36":1,"37":1,"38":1,"39":1,"40":1,"41":1,"42":1,"43":1,"44":0,"45":1,"46":1,"47":0,"48":0,"49":0,"50":1,"51":1,"52":1,"53":1,"54":1,"55":1,"56":1,"57":9},"f":{"0":1,"1":2,"2":1,"3":1},"b":{"0":[1],"1":[1,0],"2":[1],"3":[0,0],"4":[0,0],"5":[1,0],"6":[1,1],"7":[1]},"_coverageSchema":"1a1c01bbd47fc00a2c39e90264f33305004495a9","hash":"df032c923eadccf691f95544ae45e752d22953ad"}
,"D:\\Studia\\6. semestr\\Projekt zespołowy - projektowanie\\ProjektZespolowy\\Implementacja\\presence_QR_server\\models\\db.js": {"path":"D:\\Studia\\6. semestr\\Projekt zespołowy - projektowanie\\ProjektZespolowy\\Implementacja\\presence_QR_server\\models\\db.js","statementMap":{"0":{"start":{"line":1,"column":14},"end":{"line":1,"column":39}},"1":{"start":{"line":2,"column":15},"end":{"line":2,"column":35}},"2":{"start":{"line":5,"column":21},"end":{"line":5,"column":60}},"3":{"start":{"line":7,"column":2},"end":{"line":7,"column":77}},"4":{"start":{"line":8,"column":2},"end":{"line":8,"column":38}},"5":{"start":{"line":9,"column":2},"end":{"line":20,"column":3}},"6":{"start":{"line":10,"column":23},"end":{"line":10,"column":60}},"7":{"start":{"line":11,"column":4},"end":{"line":11,"column":30}},"8":{"start":{"line":12,"column":4},"end":{"line":12,"column":21}},"9":{"start":{"line":13,"column":4},"end":{"line":13,"column":19}},"10":{"start":{"line":15,"column":4},"end":{"line":15,"column":78}},"11":{"start":{"line":16,"column":4},"end":{"line":16,"column":26}},"12":{"start":{"line":17,"column":4},"end":{"line":17,"column":40}},"13":{"start":{"line":18,"column":4},"end":{"line":18,"column":21}},"14":{"start":{"line":19,"column":4},"end":{"line":19,"column":34}},"15":{"start":{"line":23,"column":0},"end":{"line":25,"column":1}}},"fnMap":{"0":{"name":"query","decl":{"start":{"line":4,"column":15},"end":{"line":4,"column":20}},"loc":{"start":{"line":4,"column":34},"end":{"line":21,"column":1}},"line":4}},"branchMap":{},"s":{"0":9,"1":9,"2":962,"3":962,"4":962,"5":962,"6":962,"7":851,"8":851,"9":851,"10":111,"11":111,"12":111,"13":111,"14":111,"15":9},"f":{"0":962},"b":{},"_coverageSchema":"1a1c01bbd47fc00a2c39e90264f33305004495a9","hash":"8d42ececfe12a3741f35398464553bd4d573d3f8"}
,"D:\\Studia\\6. semestr\\Projekt zespołowy - projektowanie\\ProjektZespolowy\\Implementacja\\presence_QR_server\\models\\facility.js": {"path":"D:\\Studia\\6. semestr\\Projekt zespołowy - projektowanie\\ProjektZespolowy\\Implementacja\\presence_QR_server\\models\\facility.js","statementMap":{"0":{"start":{"line":1,"column":11},"end":{"line":1,"column":26}},"1":{"start":{"line":4,"column":15},"end":{"line":6,"column":19}},"2":{"start":{"line":7,"column":2},"end":{"line":7,"column":13}},"3":{"start":{"line":11,"column":15},"end":{"line":13,"column":19}},"4":{"start":{"line":14,"column":2},"end":{"line":14,"column":13}},"5":{"start":{"line":18,"column":15},"end":{"line":21,"column":24}},"6":{"start":{"line":22,"column":2},"end":{"line":22,"column":13}},"7":{"start":{"line":26,"column":15},"end":{"line":27,"column":44}},"8":{"start":{"line":28,"column":2},"end":{"line":28,"column":13}},"9":{"start":{"line":32,"column":2},"end":{"line":40,"column":3}},"10":{"start":{"line":33,"column":13},"end":{"line":33,"column":30}},"11":{"start":{"line":34,"column":4},"end":{"line":34,"column":21}},"12":{"start":{"line":35,"column":4},"end":{"line":36,"column":171}},"13":{"start":{"line":38,"column":4},"end":{"line":39,"column":176}},"14":{"start":{"line":41,"column":2},"end":{"line":41,"column":77}},"15":{"start":{"line":42,"column":2},"end":{"line":42,"column":13}},"16":{"start":{"line":78,"column":19},"end":{"line":78,"column":91}},"17":{"start":{"line":81,"column":2},"end":{"line":99,"column":3}},"18":{"start":{"line":82,"column":4},"end":{"line":82,"column":57}},"19":{"start":{"line":83,"column":4},"end":{"line":83,"column":87}},"20":{"start":{"line":86,"column":7},"end":{"line":99,"column":3}},"21":{"start":{"line":87,"column":4},"end":{"line":87,"column":70}},"22":{"start":{"line":88,"column":4},"end":{"line":88,"column":105}},"23":{"start":{"line":91,"column":7},"end":{"line":99,"column":3}},"24":{"start":{"line":92,"column":4},"end":{"line":92,"column":68}},"25":{"start":{"line":93,"column":4},"end":{"line":93,"column":127}},"26":{"start":{"line":96,"column":7},"end":{"line":99,"column":3}},"27":{"start":{"line":97,"column":4},"end":{"line":97,"column":74}},"28":{"start":{"line":98,"column":4},"end":{"line":98,"column":144}},"29":{"start":{"line":100,"column":2},"end":{"line":100,"column":13}},"30":{"start":{"line":104,"column":2},"end":{"line":109,"column":25}},"31":{"start":{"line":110,"column":2},"end":{"line":110,"column":77}},"32":{"start":{"line":114,"column":2},"end":{"line":118,"column":25}},"33":{"start":{"line":119,"column":2},"end":{"line":119,"column":62}},"34":{"start":{"line":123,"column":17},"end":{"line":123,"column":19}},"35":{"start":{"line":124,"column":13},"end":{"line":124,"column":26}},"36":{"start":{"line":125,"column":2},"end":{"line":125,"column":58}},"37":{"start":{"line":126,"column":2},"end":{"line":126,"column":64}},"38":{"start":{"line":127,"column":2},"end":{"line":127,"column":54}},"39":{"start":{"line":131,"column":0},"end":{"line":143,"column":1}}},"fnMap":{"0":{"name":"getAllFacilities","decl":{"start":{"line":3,"column":15},"end":{"line":3,"column":31}},"loc":{"start":{"line":3,"column":34},"end":{"line":8,"column":1}},"line":3},"1":{"name":"getAllFacilitiesNames","decl":{"start":{"line":10,"column":15},"end":{"line":10,"column":36}},"loc":{"start":{"line":10,"column":39},"end":{"line":15,"column":1}},"line":10},"2":{"name":"getOneFacilityDataByID","decl":{"start":{"line":17,"column":15},"end":{"line":17,"column":37}},"loc":{"start":{"line":17,"column":42},"end":{"line":23,"column":1}},"line":17},"3":{"name":"getLastID","decl":{"start":{"line":25,"column":15},"end":{"line":25,"column":24}},"loc":{"start":{"line":25,"column":27},"end":{"line":29,"column":1}},"line":25},"4":{"name":"createNewFacility","decl":{"start":{"line":31,"column":15},"end":{"line":31,"column":32}},"loc":{"start":{"line":31,"column":39},"end":{"line":43,"column":1}},"line":31},"5":{"name":"changeFacilityLogo","decl":{"start":{"line":45,"column":15},"end":{"line":45,"column":33}},"loc":{"start":{"line":45,"column":68},"end":{"line":61,"column":1}},"line":45},"6":{"name":"changeFacilityShortLogo","decl":{"start":{"line":63,"column":15},"end":{"line":63,"column":38}},"loc":{"start":{"line":63,"column":73},"end":{"line":74,"column":1}},"line":63},"7":{"name":"searchFacilities","decl":{"start":{"line":76,"column":15},"end":{"line":76,"column":31}},"loc":{"start":{"line":76,"column":68},"end":{"line":101,"column":1}},"line":76},"8":{"name":"updateFacilityNameAndStatusByID","decl":{"start":{"line":103,"column":15},"end":{"line":103,"column":46}},"loc":{"start":{"line":103,"column":83},"end":{"line":111,"column":1}},"line":103},"9":{"name":"deleteFacilityLogoReferenceByFacilityID","decl":{"start":{"line":113,"column":15},"end":{"line":113,"column":54}},"loc":{"start":{"line":113,"column":59},"end":{"line":120,"column":1}},"line":113},"10":{"name":"deleteFacilityLogoByFacilityID","decl":{"start":{"line":122,"column":15},"end":{"line":122,"column":45}},"loc":{"start":{"line":122,"column":50},"end":{"line":128,"column":1}},"line":122}},"branchMap":{"0":{"loc":{"start":{"line":32,"column":2},"end":{"line":40,"column":3}},"type":"if","locations":[{"start":{"line":32,"column":2},"end":{"line":40,"column":3}},{"start":{"line":37,"column":9},"end":{"line":40,"column":3}}],"line":32},"1":{"loc":{"start":{"line":81,"column":2},"end":{"line":99,"column":3}},"type":"if","locations":[{"start":{"line":81,"column":2},"end":{"line":99,"column":3}},{"start":{"line":86,"column":7},"end":{"line":99,"column":3}}],"line":81},"2":{"loc":{"start":{"line":81,"column":6},"end":{"line":81,"column":39}},"type":"binary-expr","locations":[{"start":{"line":81,"column":6},"end":{"line":81,"column":26}},{"start":{"line":81,"column":30},"end":{"line":81,"column":39}}],"line":81},"3":{"loc":{"start":{"line":86,"column":7},"end":{"line":99,"column":3}},"type":"if","locations":[{"start":{"line":86,"column":7},"end":{"line":99,"column":3}},{"start":{"line":91,"column":7},"end":{"line":99,"column":3}}],"line":86},"4":{"loc":{"start":{"line":86,"column":11},"end":{"line":86,"column":44}},"type":"binary-expr","locations":[{"start":{"line":86,"column":11},"end":{"line":86,"column":20}},{"start":{"line":86,"column":24},"end":{"line":86,"column":44}}],"line":86},"5":{"loc":{"start":{"line":91,"column":7},"end":{"line":99,"column":3}},"type":"if","locations":[{"start":{"line":91,"column":7},"end":{"line":99,"column":3}},{"start":{"line":96,"column":7},"end":{"line":99,"column":3}}],"line":91},"6":{"loc":{"start":{"line":91,"column":11},"end":{"line":91,"column":44}},"type":"binary-expr","locations":[{"start":{"line":91,"column":11},"end":{"line":91,"column":31}},{"start":{"line":91,"column":35},"end":{"line":91,"column":44}}],"line":91},"7":{"loc":{"start":{"line":96,"column":7},"end":{"line":99,"column":3}},"type":"if","locations":[{"start":{"line":96,"column":7},"end":{"line":99,"column":3}},{"start":{},"end":{}}],"line":96},"8":{"loc":{"start":{"line":96,"column":11},"end":{"line":96,"column":44}},"type":"binary-expr","locations":[{"start":{"line":96,"column":11},"end":{"line":96,"column":31}},{"start":{"line":96,"column":35},"end":{"line":96,"column":44}}],"line":96}},"s":{"0":9,"1":1,"2":1,"3":1,"4":1,"5":1,"6":1,"7":2,"8":2,"9":101,"10":1,"11":1,"12":1,"13":100,"14":101,"15":101,"16":103,"17":103,"18":1,"19":1,"20":102,"21":1,"22":1,"23":101,"24":1,"25":1,"26":100,"27":100,"28":100,"29":103,"30":100,"31":100,"32":1,"33":1,"34":1,"35":1,"36":1,"37":0,"38":0,"39":9},"f":{"0":1,"1":1,"2":1,"3":2,"4":101,"5":0,"6":0,"7":103,"8":100,"9":1,"10":1},"b":{"0":[1,100],"1":[1,102],"2":[103,2],"3":[1,101],"4":[102,101],"5":[1,100],"6":[101,101],"7":[100,0],"8":[100,100]},"_coverageSchema":"1a1c01bbd47fc00a2c39e90264f33305004495a9","hash":"6bc4d8754e3d65b900eff35fc1b68296fa42a443"}
,"D:\\Studia\\6. semestr\\Projekt zespołowy - projektowanie\\ProjektZespolowy\\Implementacja\\presence_QR_server\\models\\group.js": {"path":"D:\\Studia\\6. semestr\\Projekt zespołowy - projektowanie\\ProjektZespolowy\\Implementacja\\presence_QR_server\\models\\group.js","statementMap":{"0":{"start":{"line":1,"column":11},"end":{"line":1,"column":26}},"1":{"start":{"line":2,"column":15},"end":{"line":2,"column":35}},"2":{"start":{"line":5,"column":15},"end":{"line":8,"column":3}},"3":{"start":{"line":9,"column":2},"end":{"line":9,"column":13}},"4":{"start":{"line":13,"column":15},"end":{"line":17,"column":3}},"5":{"start":{"line":18,"column":2},"end":{"line":18,"column":13}},"6":{"start":{"line":22,"column":2},"end":{"line":22,"column":61}},"7":{"start":{"line":23,"column":15},"end":{"line":27,"column":3}},"8":{"start":{"line":28,"column":2},"end":{"line":28,"column":13}},"9":{"start":{"line":33,"column":19},"end":{"line":38,"column":37}},"10":{"start":{"line":41,"column":2},"end":{"line":59,"column":3}},"11":{"start":{"line":42,"column":4},"end":{"line":42,"column":68}},"12":{"start":{"line":43,"column":4},"end":{"line":43,"column":129}},"13":{"start":{"line":46,"column":7},"end":{"line":59,"column":3}},"14":{"start":{"line":47,"column":4},"end":{"line":47,"column":78}},"15":{"start":{"line":48,"column":4},"end":{"line":48,"column":164}},"16":{"start":{"line":51,"column":7},"end":{"line":59,"column":3}},"17":{"start":{"line":52,"column":4},"end":{"line":52,"column":85}},"18":{"start":{"line":53,"column":4},"end":{"line":53,"column":198}},"19":{"start":{"line":56,"column":7},"end":{"line":59,"column":3}},"20":{"start":{"line":57,"column":4},"end":{"line":57,"column":76}},"21":{"start":{"line":58,"column":4},"end":{"line":58,"column":166}},"22":{"start":{"line":60,"column":2},"end":{"line":60,"column":14}},"23":{"start":{"line":64,"column":21},"end":{"line":64,"column":51}},"24":{"start":{"line":65,"column":19},"end":{"line":65,"column":49}},"25":{"start":{"line":66,"column":2},"end":{"line":74,"column":4}},"26":{"start":{"line":75,"column":2},"end":{"line":75,"column":13}},"27":{"start":{"line":79,"column":21},"end":{"line":79,"column":51}},"28":{"start":{"line":80,"column":19},"end":{"line":80,"column":49}},"29":{"start":{"line":81,"column":19},"end":{"line":85,"column":3}},"30":{"start":{"line":86,"column":22},"end":{"line":86,"column":59}},"31":{"start":{"line":88,"column":13},"end":{"line":96,"column":3}},"32":{"start":{"line":97,"column":2},"end":{"line":97,"column":13}},"33":{"start":{"line":101,"column":15},"end":{"line":105,"column":3}},"34":{"start":{"line":106,"column":2},"end":{"line":106,"column":13}},"35":{"start":{"line":112,"column":2},"end":{"line":115,"column":3}},"36":{"start":{"line":116,"column":2},"end":{"line":116,"column":100}},"37":{"start":{"line":117,"column":2},"end":{"line":117,"column":13}},"38":{"start":{"line":121,"column":15},"end":{"line":125,"column":3}},"39":{"start":{"line":126,"column":2},"end":{"line":126,"column":13}},"40":{"start":{"line":130,"column":2},"end":{"line":135,"column":4}},"41":{"start":{"line":136,"column":2},"end":{"line":136,"column":58}},"42":{"start":{"line":141,"column":2},"end":{"line":144,"column":3}},"43":{"start":{"line":146,"column":2},"end":{"line":151,"column":3}},"44":{"start":{"line":153,"column":2},"end":{"line":156,"column":3}},"45":{"start":{"line":157,"column":2},"end":{"line":157,"column":56}},"46":{"start":{"line":163,"column":27},"end":{"line":170,"column":3}},"47":{"start":{"line":173,"column":20},"end":{"line":173,"column":22}},"48":{"start":{"line":174,"column":34},"end":{"line":174,"column":36}},"49":{"start":{"line":174,"column":66},"end":{"line":174,"column":68}},"50":{"start":{"line":175,"column":14},"end":{"line":175,"column":24}},"51":{"start":{"line":176,"column":2},"end":{"line":176,"column":29}},"52":{"start":{"line":177,"column":2},"end":{"line":177,"column":28}},"53":{"start":{"line":178,"column":2},"end":{"line":190,"column":3}},"54":{"start":{"line":178,"column":15},"end":{"line":178,"column":16}},"55":{"start":{"line":179,"column":4},"end":{"line":179,"column":61}},"56":{"start":{"line":181,"column":4},"end":{"line":188,"column":5}},"57":{"start":{"line":181,"column":17},"end":{"line":181,"column":18}},"58":{"start":{"line":183,"column":6},"end":{"line":187,"column":7}},"59":{"start":{"line":191,"column":2},"end":{"line":191,"column":40}},"60":{"start":{"line":192,"column":23},"end":{"line":192,"column":76}},"61":{"start":{"line":193,"column":2},"end":{"line":193,"column":46}},"62":{"start":{"line":196,"column":2},"end":{"line":199,"column":3}},"63":{"start":{"line":200,"column":2},"end":{"line":203,"column":3}},"64":{"start":{"line":205,"column":2},"end":{"line":205,"column":96}},"65":{"start":{"line":206,"column":2},"end":{"line":206,"column":13}},"66":{"start":{"line":211,"column":2},"end":{"line":215,"column":3}},"67":{"start":{"line":218,"column":2},"end":{"line":221,"column":3}},"68":{"start":{"line":223,"column":2},"end":{"line":223,"column":100}},"69":{"start":{"line":228,"column":19},"end":{"line":239,"column":3}},"70":{"start":{"line":240,"column":2},"end":{"line":240,"column":17}},"71":{"start":{"line":254,"column":0},"end":{"line":270,"column":1}}},"fnMap":{"0":{"name":"getAllGroups","decl":{"start":{"line":4,"column":15},"end":{"line":4,"column":27}},"loc":{"start":{"line":4,"column":30},"end":{"line":10,"column":1}},"line":4},"1":{"name":"getAllGroupsFromFacility","decl":{"start":{"line":12,"column":15},"end":{"line":12,"column":39}},"loc":{"start":{"line":12,"column":44},"end":{"line":19,"column":1}},"line":12},"2":{"name":"searchGroups","decl":{"start":{"line":21,"column":15},"end":{"line":21,"column":27}},"loc":{"start":{"line":21,"column":42},"end":{"line":29,"column":1}},"line":21},"3":{"name":"searchGroupsAndSubjects","decl":{"start":{"line":31,"column":15},"end":{"line":31,"column":38}},"loc":{"start":{"line":31,"column":87},"end":{"line":61,"column":1}},"line":31},"4":{"name":"getDataAboutGroupInSubject","decl":{"start":{"line":63,"column":15},"end":{"line":63,"column":41}},"loc":{"start":{"line":63,"column":73},"end":{"line":76,"column":1}},"line":63},"5":{"name":"getDataAboutStudentsFromGroupInSubject","decl":{"start":{"line":78,"column":15},"end":{"line":78,"column":53}},"loc":{"start":{"line":78,"column":85},"end":{"line":98,"column":1}},"line":78},"6":{"name":"getAllGroupsNamesFromFacility","decl":{"start":{"line":100,"column":15},"end":{"line":100,"column":44}},"loc":{"start":{"line":100,"column":58},"end":{"line":107,"column":1}},"line":100},"7":{"name":"createGroup","decl":{"start":{"line":109,"column":15},"end":{"line":109,"column":26}},"loc":{"start":{"line":109,"column":68},"end":{"line":118,"column":1}},"line":109},"8":{"name":"getOneGroup","decl":{"start":{"line":120,"column":15},"end":{"line":120,"column":26}},"loc":{"start":{"line":120,"column":44},"end":{"line":127,"column":1}},"line":120},"9":{"name":"updateOneGroup","decl":{"start":{"line":129,"column":15},"end":{"line":129,"column":29}},"loc":{"start":{"line":129,"column":75},"end":{"line":137,"column":1}},"line":129},"10":{"name":"deleteOneGroup","decl":{"start":{"line":139,"column":15},"end":{"line":139,"column":29}},"loc":{"start":{"line":139,"column":34},"end":{"line":158,"column":1}},"line":139},"11":{"name":"addStudentsToGroup","decl":{"start":{"line":160,"column":15},"end":{"line":160,"column":33}},"loc":{"start":{"line":160,"column":54},"end":{"line":207,"column":1}},"line":160},"12":{"name":"deleteStudentsFromGroup","decl":{"start":{"line":209,"column":15},"end":{"line":209,"column":38}},"loc":{"start":{"line":209,"column":59},"end":{"line":224,"column":1}},"line":209},"13":{"name":"getDatesAndTimeForGroup","decl":{"start":{"line":226,"column":15},"end":{"line":226,"column":38}},"loc":{"start":{"line":226,"column":49},"end":{"line":241,"column":1}},"line":226},"14":{"name":"getGroupsByStudentId","decl":{"start":{"line":243,"column":15},"end":{"line":243,"column":35}},"loc":{"start":{"line":243,"column":75},"end":{"line":252,"column":1}},"line":243}},"branchMap":{"0":{"loc":{"start":{"line":41,"column":2},"end":{"line":59,"column":3}},"type":"if","locations":[{"start":{"line":41,"column":2},"end":{"line":59,"column":3}},{"start":{"line":46,"column":7},"end":{"line":59,"column":3}}],"line":41},"1":{"loc":{"start":{"line":41,"column":6},"end":{"line":41,"column":86}},"type":"binary-expr","locations":[{"start":{"line":41,"column":6},"end":{"line":41,"column":24}},{"start":{"line":41,"column":28},"end":{"line":41,"column":46}},{"start":{"line":41,"column":50},"end":{"line":41,"column":67}},{"start":{"line":41,"column":71},"end":{"line":41,"column":86}}],"line":41},"2":{"loc":{"start":{"line":46,"column":7},"end":{"line":59,"column":3}},"type":"if","locations":[{"start":{"line":46,"column":7},"end":{"line":59,"column":3}},{"start":{"line":51,"column":7},"end":{"line":59,"column":3}}],"line":46},"3":{"loc":{"start":{"line":46,"column":11},"end":{"line":46,"column":91}},"type":"binary-expr","locations":[{"start":{"line":46,"column":11},"end":{"line":46,"column":29}},{"start":{"line":46,"column":33},"end":{"line":46,"column":51}},{"start":{"line":46,"column":55},"end":{"line":46,"column":72}},{"start":{"line":46,"column":76},"end":{"line":46,"column":91}}],"line":46},"4":{"loc":{"start":{"line":51,"column":7},"end":{"line":59,"column":3}},"type":"if","locations":[{"start":{"line":51,"column":7},"end":{"line":59,"column":3}},{"start":{"line":56,"column":7},"end":{"line":59,"column":3}}],"line":51},"5":{"loc":{"start":{"line":51,"column":11},"end":{"line":51,"column":91}},"type":"binary-expr","locations":[{"start":{"line":51,"column":11},"end":{"line":51,"column":29}},{"start":{"line":51,"column":33},"end":{"line":51,"column":51}},{"start":{"line":51,"column":55},"end":{"line":51,"column":72}},{"start":{"line":51,"column":76},"end":{"line":51,"column":91}}],"line":51},"6":{"loc":{"start":{"line":56,"column":7},"end":{"line":59,"column":3}},"type":"if","locations":[{"start":{"line":56,"column":7},"end":{"line":59,"column":3}},{"start":{},"end":{}}],"line":56},"7":{"loc":{"start":{"line":56,"column":11},"end":{"line":56,"column":91}},"type":"binary-expr","locations":[{"start":{"line":56,"column":11},"end":{"line":56,"column":29}},{"start":{"line":56,"column":33},"end":{"line":56,"column":51}},{"start":{"line":56,"column":55},"end":{"line":56,"column":72}},{"start":{"line":56,"column":76},"end":{"line":56,"column":91}}],"line":56},"8":{"loc":{"start":{"line":183,"column":6},"end":{"line":187,"column":7}},"type":"if","locations":[{"start":{"line":185,"column":40},"end":{"line":187,"column":7}}],"line":183}},"s":{"0":9,"1":9,"2":1,"3":1,"4":1,"5":1,"6":1,"7":1,"8":1,"9":4,"10":4,"11":1,"12":1,"13":3,"14":1,"15":1,"16":2,"17":1,"18":1,"19":1,"20":1,"21":1,"22":4,"23":27,"24":27,"25":27,"26":27,"27":1,"28":1,"29":1,"30":1,"31":1,"32":0,"33":1,"34":1,"35":1,"36":1,"37":1,"38":1,"39":1,"40":1,"41":1,"42":1,"43":1,"44":1,"45":1,"46":1,"47":1,"48":1,"49":1,"50":1,"51":1,"52":1,"53":1,"54":1,"55":1,"56":1,"57":1,"58":0,"59":1,"60":1,"61":1,"62":1,"63":1,"64":1,"65":1,"66":1,"67":1,"68":1,"69":1,"70":1,"71":9},"f":{"0":1,"1":1,"2":1,"3":4,"4":27,"5":1,"6":1,"7":1,"8":1,"9":1,"10":1,"11":1,"12":1,"13":1,"14":1},"b":{"0":[1,3],"1":[4,4,4,2],"2":[1,2],"3":[3,3,3,2],"4":[1,1],"5":[2,2,2,1],"6":[1,0],"7":[1,1,1,1],"8":[0]},"_coverageSchema":"1a1c01bbd47fc00a2c39e90264f33305004495a9","hash":"e06dbd10474cc0228ccace14458d6cd58a58155d"}
,"D:\\Studia\\6. semestr\\Projekt zespołowy - projektowanie\\ProjektZespolowy\\Implementacja\\presence_QR_server\\models\\status.js": {"path":"D:\\Studia\\6. semestr\\Projekt zespołowy - projektowanie\\ProjektZespolowy\\Implementacja\\presence_QR_server\\models\\status.js","statementMap":{"0":{"start":{"line":1,"column":11},"end":{"line":1,"column":26}},"1":{"start":{"line":2,"column":15},"end":{"line":2,"column":35}},"2":{"start":{"line":5,"column":17},"end":{"line":8,"column":5}},"3":{"start":{"line":9,"column":4},"end":{"line":9,"column":15}},"4":{"start":{"line":12,"column":0},"end":{"line":14,"column":1}}},"fnMap":{"0":{"name":"getStatusesList","decl":{"start":{"line":4,"column":15},"end":{"line":4,"column":30}},"loc":{"start":{"line":4,"column":33},"end":{"line":10,"column":1}},"line":4}},"branchMap":{},"s":{"0":9,"1":9,"2":1,"3":1,"4":9},"f":{"0":1},"b":{},"_coverageSchema":"1a1c01bbd47fc00a2c39e90264f33305004495a9","hash":"9934dc3e51ec96e6e6283cae2d8ddd128d5cf791"}
,"D:\\Studia\\6. semestr\\Projekt zespołowy - projektowanie\\ProjektZespolowy\\Implementacja\\presence_QR_server\\models\\subject.js": {"path":"D:\\Studia\\6. semestr\\Projekt zespołowy - projektowanie\\ProjektZespolowy\\Implementacja\\presence_QR_server\\models\\subject.js","statementMap":{"0":{"start":{"line":1,"column":11},"end":{"line":1,"column":26}},"1":{"start":{"line":2,"column":15},"end":{"line":2,"column":35}},"2":{"start":{"line":5,"column":17},"end":{"line":8,"column":5}},"3":{"start":{"line":9,"column":4},"end":{"line":9,"column":15}},"4":{"start":{"line":13,"column":17},"end":{"line":17,"column":5}},"5":{"start":{"line":18,"column":4},"end":{"line":18,"column":15}},"6":{"start":{"line":22,"column":17},"end":{"line":26,"column":5}},"7":{"start":{"line":27,"column":4},"end":{"line":27,"column":15}},"8":{"start":{"line":32,"column":4},"end":{"line":35,"column":5}},"9":{"start":{"line":36,"column":4},"end":{"line":36,"column":106}},"10":{"start":{"line":37,"column":4},"end":{"line":37,"column":15}},"11":{"start":{"line":41,"column":4},"end":{"line":41,"column":65}},"12":{"start":{"line":42,"column":17},"end":{"line":46,"column":5}},"13":{"start":{"line":47,"column":4},"end":{"line":47,"column":15}},"14":{"start":{"line":51,"column":17},"end":{"line":55,"column":5}},"15":{"start":{"line":56,"column":4},"end":{"line":56,"column":15}},"16":{"start":{"line":60,"column":4},"end":{"line":65,"column":6}},"17":{"start":{"line":66,"column":4},"end":{"line":66,"column":62}},"18":{"start":{"line":71,"column":4},"end":{"line":74,"column":5}},"19":{"start":{"line":75,"column":4},"end":{"line":75,"column":60}},"20":{"start":{"line":78,"column":0},"end":{"line":87,"column":1}}},"fnMap":{"0":{"name":"getAllSubjects","decl":{"start":{"line":4,"column":15},"end":{"line":4,"column":29}},"loc":{"start":{"line":4,"column":32},"end":{"line":10,"column":1}},"line":4},"1":{"name":"getAllSubjectsFromFacility","decl":{"start":{"line":12,"column":15},"end":{"line":12,"column":41}},"loc":{"start":{"line":12,"column":55},"end":{"line":19,"column":1}},"line":12},"2":{"name":"getAllSubjectsNamesFromFacility","decl":{"start":{"line":21,"column":15},"end":{"line":21,"column":46}},"loc":{"start":{"line":21,"column":60},"end":{"line":28,"column":1}},"line":21},"3":{"name":"createSubject","decl":{"start":{"line":30,"column":15},"end":{"line":30,"column":28}},"loc":{"start":{"line":30,"column":72},"end":{"line":38,"column":1}},"line":30},"4":{"name":"searchSubjects","decl":{"start":{"line":40,"column":15},"end":{"line":40,"column":29}},"loc":{"start":{"line":40,"column":44},"end":{"line":48,"column":1}},"line":40},"5":{"name":"getOneSubject","decl":{"start":{"line":50,"column":15},"end":{"line":50,"column":28}},"loc":{"start":{"line":50,"column":46},"end":{"line":57,"column":1}},"line":50},"6":{"name":"updateOneSubject","decl":{"start":{"line":59,"column":15},"end":{"line":59,"column":31}},"loc":{"start":{"line":59,"column":79},"end":{"line":67,"column":1}},"line":59},"7":{"name":"deleteOneSubject","decl":{"start":{"line":69,"column":15},"end":{"line":69,"column":31}},"loc":{"start":{"line":69,"column":36},"end":{"line":76,"column":1}},"line":69}},"branchMap":{},"s":{"0":9,"1":9,"2":1,"3":1,"4":1,"5":1,"6":1,"7":1,"8":1,"9":1,"10":1,"11":1,"12":1,"13":1,"14":1,"15":1,"16":1,"17":1,"18":1,"19":1,"20":9},"f":{"0":1,"1":1,"2":1,"3":1,"4":1,"5":1,"6":1,"7":1},"b":{},"_coverageSchema":"1a1c01bbd47fc00a2c39e90264f33305004495a9","hash":"3b0ccea5bb5cac9db2fcb341aae27ef2efe1a193"}
,"D:\\Studia\\6. semestr\\Projekt zespołowy - projektowanie\\ProjektZespolowy\\Implementacja\\presence_QR_server\\models\\user.js": {"path":"D:\\Studia\\6. semestr\\Projekt zespołowy - projektowanie\\ProjektZespolowy\\Implementacja\\presence_QR_server\\models\\user.js","statementMap":{"0":{"start":{"line":1,"column":11},"end":{"line":1,"column":26}},"1":{"start":{"line":2,"column":15},"end":{"line":2,"column":35}},"2":{"start":{"line":3,"column":29},"end":{"line":3,"column":43}},"3":{"start":{"line":4,"column":13},"end":{"line":4,"column":32}},"4":{"start":{"line":5,"column":14},"end":{"line":5,"column":39}},"5":{"start":{"line":6,"column":17},"end":{"line":6,"column":38}},"6":{"start":{"line":9,"column":17},"end":{"line":15,"column":1}},"7":{"start":{"line":10,"column":15},"end":{"line":10,"column":17}},"8":{"start":{"line":11,"column":2},"end":{"line":13,"column":3}},"9":{"start":{"line":11,"column":15},"end":{"line":11,"column":16}},"10":{"start":{"line":12,"column":4},"end":{"line":12,"column":32}},"11":{"start":{"line":14,"column":2},"end":{"line":14,"column":36}},"12":{"start":{"line":17,"column":16},"end":{"line":24,"column":1}},"13":{"start":{"line":18,"column":15},"end":{"line":18,"column":32}},"14":{"start":{"line":20,"column":2},"end":{"line":22,"column":3}},"15":{"start":{"line":23,"column":2},"end":{"line":23,"column":20}},"16":{"start":{"line":27,"column":15},"end":{"line":27,"column":17}},"17":{"start":{"line":28,"column":19},"end":{"line":28,"column":83}},"18":{"start":{"line":29,"column":25},"end":{"line":29,"column":42}},"19":{"start":{"line":30,"column":2},"end":{"line":33,"column":3}},"20":{"start":{"line":30,"column":15},"end":{"line":30,"column":16}},"21":{"start":{"line":31,"column":4},"end":{"line":32,"column":25}},"22":{"start":{"line":34,"column":2},"end":{"line":34,"column":16}},"23":{"start":{"line":55,"column":15},"end":{"line":58,"column":3}},"24":{"start":{"line":59,"column":2},"end":{"line":59,"column":13}},"25":{"start":{"line":63,"column":15},"end":{"line":65,"column":41}},"26":{"start":{"line":66,"column":2},"end":{"line":66,"column":13}},"27":{"start":{"line":70,"column":15},"end":{"line":73,"column":22}},"28":{"start":{"line":74,"column":2},"end":{"line":74,"column":13}},"29":{"start":{"line":78,"column":15},"end":{"line":81,"column":22}},"30":{"start":{"line":82,"column":2},"end":{"line":82,"column":13}},"31":{"start":{"line":86,"column":15},"end":{"line":91,"column":27}},"32":{"start":{"line":92,"column":2},"end":{"line":92,"column":13}},"33":{"start":{"line":96,"column":15},"end":{"line":99,"column":22}},"34":{"start":{"line":100,"column":2},"end":{"line":100,"column":13}},"35":{"start":{"line":105,"column":16},"end":{"line":109,"column":3}},"36":{"start":{"line":106,"column":30},"end":{"line":106,"column":68}},"37":{"start":{"line":107,"column":19},"end":{"line":107,"column":98}},"38":{"start":{"line":108,"column":4},"end":{"line":108,"column":17}},"39":{"start":{"line":112,"column":2},"end":{"line":122,"column":3}},"40":{"start":{"line":113,"column":4},"end":{"line":117,"column":27}},"41":{"start":{"line":118,"column":4},"end":{"line":118,"column":54}},"42":{"start":{"line":119,"column":4},"end":{"line":119,"column":15}},"43":{"start":{"line":123,"column":2},"end":{"line":123,"column":14}},"44":{"start":{"line":127,"column":2},"end":{"line":131,"column":25}},"45":{"start":{"line":132,"column":2},"end":{"line":132,"column":60}},"46":{"start":{"line":149,"column":2},"end":{"line":153,"column":25}},"47":{"start":{"line":154,"column":2},"end":{"line":154,"column":60}},"48":{"start":{"line":158,"column":17},"end":{"line":158,"column":19}},"49":{"start":{"line":159,"column":13},"end":{"line":159,"column":26}},"50":{"start":{"line":160,"column":2},"end":{"line":160,"column":60}},"51":{"start":{"line":161,"column":2},"end":{"line":161,"column":50}},"52":{"start":{"line":167,"column":15},"end":{"line":170,"column":3}},"53":{"start":{"line":173,"column":2},"end":{"line":228,"column":3}},"54":{"start":{"line":175,"column":17},"end":{"line":175,"column":31}},"55":{"start":{"line":178,"column":15},"end":{"line":178,"column":77}},"56":{"start":{"line":181,"column":20},"end":{"line":181,"column":30}},"57":{"start":{"line":182,"column":15},"end":{"line":182,"column":41}},"58":{"start":{"line":183,"column":28},"end":{"line":183,"column":40}},"59":{"start":{"line":185,"column":15},"end":{"line":185,"column":44}},"60":{"start":{"line":186,"column":16},"end":{"line":186,"column":66}},"61":{"start":{"line":187,"column":14},"end":{"line":187,"column":57}},"62":{"start":{"line":188,"column":16},"end":{"line":188,"column":60}},"63":{"start":{"line":189,"column":18},"end":{"line":189,"column":66}},"64":{"start":{"line":190,"column":18},"end":{"line":190,"column":64}},"65":{"start":{"line":192,"column":20},"end":{"line":192,"column":96}},"66":{"start":{"line":194,"column":22},"end":{"line":200,"column":6}},"67":{"start":{"line":203,"column":22},"end":{"line":209,"column":5}},"68":{"start":{"line":212,"column":4},"end":{"line":219,"column":6}},"69":{"start":{"line":214,"column":6},"end":{"line":218,"column":7}},"70":{"start":{"line":217,"column":8},"end":{"line":217,"column":52}},"71":{"start":{"line":221,"column":4},"end":{"line":225,"column":6}},"72":{"start":{"line":227,"column":4},"end":{"line":227,"column":15}},"73":{"start":{"line":232,"column":15},"end":{"line":236,"column":3}},"74":{"start":{"line":238,"column":15},"end":{"line":238,"column":39}},"75":{"start":{"line":239,"column":17},"end":{"line":239,"column":50}},"76":{"start":{"line":240,"column":13},"end":{"line":240,"column":18}},"77":{"start":{"line":242,"column":18},"end":{"line":242,"column":28}},"78":{"start":{"line":244,"column":2},"end":{"line":267,"column":3}},"79":{"start":{"line":246,"column":4},"end":{"line":264,"column":5}},"80":{"start":{"line":248,"column":17},"end":{"line":248,"column":38}},"81":{"start":{"line":249,"column":18},"end":{"line":249,"column":60}},"82":{"start":{"line":250,"column":16},"end":{"line":250,"column":51}},"83":{"start":{"line":251,"column":18},"end":{"line":251,"column":54}},"84":{"start":{"line":252,"column":20},"end":{"line":252,"column":60}},"85":{"start":{"line":253,"column":20},"end":{"line":253,"
[...]
{"start":{"line":360,"column":2},"end":{"line":371,"column":3}},"164":{"start":{"line":361,"column":4},"end":{"line":366,"column":5}},"165":{"start":{"line":362,"column":6},"end":{"line":362,"column":62}},"166":{"start":{"line":364,"column":17},"end":{"line":364,"column":70}},"167":{"start":{"line":365,"column":6},"end":{"line":365,"column":32}},"168":{"start":{"line":375,"column":0},"end":{"line":389,"column":2}},"169":{"start":{"line":376,"column":12},"end":{"line":376,"column":50}},"170":{"start":{"line":377,"column":2},"end":{"line":388,"column":3}},"171":{"start":{"line":378,"column":4},"end":{"line":383,"column":5}},"172":{"start":{"line":379,"column":6},"end":{"line":379,"column":62}},"173":{"start":{"line":381,"column":17},"end":{"line":381,"column":80}},"174":{"start":{"line":382,"column":6},"end":{"line":382,"column":32}},"175":{"start":{"line":391,"column":0},"end":{"line":406,"column":2}},"176":{"start":{"line":392,"column":12},"end":{"line":392,"column":50}},"177":{"start":{"line":393,"column":2},"end":{"line":393,"column":32}},"178":{"start":{"line":394,"column":2},"end":{"line":405,"column":3}},"179":{"start":{"line":395,"column":4},"end":{"line":400,"column":5}},"180":{"start":{"line":396,"column":6},"end":{"line":396,"column":62}},"181":{"start":{"line":398,"column":17},"end":{"line":398,"column":68}},"182":{"start":{"line":399,"column":6},"end":{"line":399,"column":32}},"183":{"start":{"line":409,"column":0},"end":{"line":423,"column":3}},"184":{"start":{"line":410,"column":12},"end":{"line":410,"column":57}},"185":{"start":{"line":411,"column":2},"end":{"line":422,"column":3}},"186":{"start":{"line":412,"column":4},"end":{"line":417,"column":5}},"187":{"start":{"line":413,"column":6},"end":{"line":413,"column":62}},"188":{"start":{"line":415,"column":17},"end":{"line":415,"column":65}},"189":{"start":{"line":416,"column":6},"end":{"line":416,"column":32}},"190":{"start":{"line":426,"column":0},"end":{"line":440,"column":3}},"191":{"start":{"line":427,"column":12},"end":{"line":427,"column":60}},"192":{"start":{"line":428,"column":2},"end":{"line":439,"column":3}},"193":{"start":{"line":429,"column":4},"end":{"line":434,"column":5}},"194":{"start":{"line":430,"column":6},"end":{"line":430,"column":62}},"195":{"start":{"line":432,"column":17},"end":{"line":432,"column":68}},"196":{"start":{"line":433,"column":6},"end":{"line":433,"column":32}},"197":{"start":{"line":443,"column":0},"end":{"line":457,"column":3}},"198":{"start":{"line":444,"column":12},"end":{"line":444,"column":61}},"199":{"start":{"line":445,"column":2},"end":{"line":456,"column":3}},"200":{"start":{"line":446,"column":4},"end":{"line":451,"column":5}},"201":{"start":{"line":447,"column":6},"end":{"line":447,"column":62}},"202":{"start":{"line":449,"column":17},"end":{"line":449,"column":78}},"203":{"start":{"line":450,"column":6},"end":{"line":450,"column":32}},"204":{"start":{"line":460,"column":0},"end":{"line":474,"column":3}},"205":{"start":{"line":461,"column":12},"end":{"line":461,"column":83}},"206":{"start":{"line":462,"column":2},"end":{"line":473,"column":3}},"207":{"start":{"line":463,"column":4},"end":{"line":468,"column":5}},"208":{"start":{"line":464,"column":6},"end":{"line":464,"column":62}},"209":{"start":{"line":466,"column":17},"end":{"line":466,"column":107}},"210":{"start":{"line":467,"column":6},"end":{"line":467,"column":32}},"211":{"start":{"line":477,"column":0},"end":{"line":491,"column":3}},"212":{"start":{"line":478,"column":12},"end":{"line":478,"column":51}},"213":{"start":{"line":479,"column":2},"end":{"line":490,"column":3}},"214":{"start":{"line":480,"column":4},"end":{"line":485,"column":5}},"215":{"start":{"line":481,"column":6},"end":{"line":481,"column":62}},"216":{"start":{"line":483,"column":17},"end":{"line":483,"column":43}},"217":{"start":{"line":484,"column":6},"end":{"line":484,"column":32}},"218":{"start":{"line":494,"column":0},"end":{"line":494,"column":24}}},"fnMap":{"0":{"name":"(anonymous_0)","decl":{"start":{"line":15,"column":25},"end":{"line":15,"column":26}},"loc":{"start":{"line":15,"column":57},"end":{"line":29,"column":1}},"line":15},"1":{"name":"(anonymous_1)","decl":{"start":{"line":32,"column":33},"end":{"line":32,"column":34}},"loc":{"start":{"line":32,"column":65},"end":{"line":47,"column":1}},"line":32},"2":{"name":"(anonymous_2)","decl":{"start":{"line":50,"column":43},"end":{"line":50,"column":44}},"loc":{"start":{"line":50,"column":75},"end":{"line":65,"column":1}},"line":50},"3":{"name":"(anonymous_3)","decl":{"start":{"line":68,"column":37},"end":{"line":68,"column":38}},"loc":{"start":{"line":68,"column":69},"end":{"line":83,"column":1}},"line":68},"4":{"name":"(anonymous_4)","decl":{"start":{"line":86,"column":43},"end":{"line":86,"column":44}},"loc":{"start":{"line":86,"column":75},"end":{"line":102,"column":1}},"line":86},"5":{"name":"(anonymous_5)","decl":{"start":{"line":105,"column":50},"end":{"line":105,"column":51}},"loc":{"start":{"line":105,"column":82},"end":{"line":120,"column":1}},"line":105},"6":{"name":"(anonymous_6)","decl":{"start":{"line":124,"column":41},"end":{"line":124,"column":42}},"loc":{"start":{"line":124,"column":61},"end":{"line":140,"column":1}},"line":124},"7":{"name":"(anonymous_7)","decl":{"start":{"line":143,"column":50},"end":{"line":143,"column":51}},"loc":{"start":{"line":143,"column":82},"end":{"line":158,"column":1}},"line":143},"8":{"name":"(anonymous_8)","decl":{"start":{"line":161,"column":41},"end":{"line":161,"column":42}},"loc":{"start":{"line":161,"column":61},"end":{"line":176,"column":1}},"line":161},"9":{"name":"(anonymous_9)","decl":{"start":{"line":180,"column":40},"end":{"line":180,"column":41}},"loc":{"start":{"line":180,"column":71},"end":{"line":190,"column":1}},"line":180},"10":{"name":"(anonymous_10)","decl":{"start":{"line":194,"column":37},"end":{"line":194,"column":38}},"loc":{"start":{"line":194,"column":69},"end":{"line":204,"column":1}},"line":194},"11":{"name":"(anonymous_11)","decl":{"start":{"line":208,"column":27},"end":{"line":208,"column":28}},"loc":{"start":{"line":208,"column":59},"end":{"line":223,"column":1}},"line":208},"12":{"name":"(anonymous_12)","decl":{"start":{"line":226,"column":28},"end":{"line":226,"column":29}},"loc":{"start":{"line":226,"column":60},"end":{"line":259,"column":1}},"line":226},"13":{"name":"(anonymous_13)","decl":{"start":{"line":262,"column":29},"end":{"line":262,"column":30}},"loc":{"start":{"line":262,"column":61},"end":{"line":282,"column":1}},"line":262},"14":{"name":"addUsr","decl":{"start":{"line":269,"column":21},"end":{"line":269,"column":27}},"loc":{"start":{"line":269,"column":30},"end":{"line":273,"column":7}},"line":269},"15":{"name":"(anonymous_15)","decl":{"start":{"line":285,"column":29},"end":{"line":285,"column":30}},"loc":{"start":{"line":285,"column":61},"end":{"line":301,"column":1}},"line":285},"16":{"name":"(anonymous_16)","decl":{"start":{"line":304,"column":30},"end":{"line":304,"column":31}},"loc":{"start":{"line":304,"column":62},"end":{"line":319,"column":1}},"line":304},"17":{"name":"(anonymous_17)","decl":{"start":{"line":322,"column":26},"end":{"line":322,"column":27}},"loc":{"start":{"line":322,"column":58},"end":{"line":355,"column":1}},"line":322},"18":{"name":"(anonymous_18)","decl":{"start":{"line":358,"column":28},"end":{"line":358,"column":29}},"loc":{"start":{"line":358,"column":60},"end":{"line":372,"column":1}},"line":358},"19":{"name":"(anonymous_19)","decl":{"start":{"line":375,"column":37},"end":{"line":375,"column":38}},"loc":{"start":{"line":375,"column":69},"end":{"line":389,"column":1}},"line":375},"20":{"name":"(anonymous_20)","decl":{"start":{"line":391,"column":38},"end":{"line":391,"column":39}},"loc":{"start":{"line":391,"column":70},"end":{"line":406,"column":1}},"line":391},"21":{"name":"(anonymous_21)","decl":{"start":{"line":409,"column":41},"end":{"line":409,"column":42}},"loc":{"start":{"line":409,"column":73},"end":{"line":423,"column":1}},"line":409},"22":{"name":"(anonymous_22)","decl":{"start":{"line":426,"column":44},"end":{"line":426,"column":45}},"loc":{"start":{"line":426,"column":76},"end":{"line":440,"column":1}},"line":426},"23":{"name":"(anonymous_23)","decl":{"start":{"line":443,"column":45},"end":{"line":443,"column":46}},"loc":{"start":{"line":443,"column":77},"end":{"line":457,"column":1}},"line":443},"24":{"name":"(anonymous_24)","decl":{"start":{"line":460,"column":59},"end":{"line":460,"column":60}},"loc":{"start":{"line":460,"column":91},"end":{"line":474,"column":1}},"line":460},"25":{"name":"(anonymous_25)","decl":{"start":{"line":477,"column":29},"end":{"line":477,"column":30}},"loc":{"start":{"line":477,"column":61},"end":{"line":491,"column":1}},"line":477}},"branchMap":{"0":{"loc":{"start":{"line":18,"column":4},"end":{"line":23,"column":5}},"type":"if","locations":[{"start":{"line":18,"column":4},"end":{"line":23,"column":5}},{"start":{"line":20,"column":11},"end":{"line":23,"column":5}}],"line":18},"1":{"loc":{"start":{"line":36,"column":4},"end":{"line":41,"column":5}},"type":"if","locations":[{"start":{"line":36,"column":4},"end":{"line":41,"column":5}},{"start":{"line":38,"column":11},"end":{"line":41,"column":5}}],"line":36},"2":{"loc":{"start":{"line":54,"column":4},"end":{"line":59,"column":5}},"type":"if","locations":[{"start":{"line":54,"column":4},"end":{"line":59,"column":5}},{"start":{"line":56,"column":11},"end":{"line":59,"column":5}}],"line":54},"3":{"loc":{"start":{"line":72,"column":4},"end":{"line":77,"column":5}},"type":"if","locations":[{"start":{"line":72,"column":4},"end":{"line":77,"column":5}},{"start":{"line":74,"column":11},"end":{"line":77,"column":5}}],"line":72},"4":{"loc":{"start":{"line":90,"column":4},"end":{"line":96,"column":5}},"type":"if","locations":[{"start":{"line":90,"column":4},"end":{"line":96,"column":5}},{"start":{"line":92,"column":11},"end":{"line":96,"column":5}}],"line":90},"5":{"loc":{"start":{"line":109,"column":4},"end":{"line":114,"column":5}},"type":"if","locations":[{"start":{"line":109,"column":4},"end":{"line":114,"column":5}},{"start":{"line":111,"column":11},"end":{"line":114,"column":5}}],"line":109},"6":{"loc":{"start":{"line":129,"column":4},"end":{"line":134,"column":5}},"type":"if","locations":[{"start":{"line":129,"column":4},"end":{"line":134,"column":5}}],"line":129},"7":{"loc":{"start":{"line":147,"column":4},"end":{"line":152,"column":5}},"type":"if","locations":[{"start":{"line":147,"column":4},"end":{"line":152,"column":5}},{"start":{"line":149,"column":11},"end":{"line":152,"column":5}}],"line":147},"8":{"loc":{"start":{"line":165,"column":4},"end":{"line":170,"column":5}},"type":"if","locations":[{"start":{"line":165,"column":4},"end":{"line":170,"column":5}},{"start":{"line":167,"column":11},"end":{"line":170,"column":5}}],"line":165},"9":{"loc":{"start":{"line":213,"column":4},"end":{"line":217,"column":5}},"type":"if","locations":[{"start":{"line":213,"column":4},"end":{"line":217,"column":5}}],"line":213},"10":{"loc":{"start":{"line":229,"column":4},"end":{"line":253,"column":5}},"type":"if","locations":[{"start":{"line":229,"column":4},"end":{"line":253,"column":5}},{"start":{"line":231,"column":11},"end":{"line":253,"column":5}}],"line":229},"11":{"loc":{"start":{"line":232,"column":6},"end":{"line":252,"column":7}},"type":"switch","locations":[{"start":{"line":233,"column":8},"end":{"line":234,"column":66}},{"start":{"line":235,"column":8},"end":{"line":236,"column":73}},{"start":{"line":237,"column":8},"end":{"line":238,"column":69}},{"start":{"line":239,"column":8},"end":{"line":240,"column":68}},{"start":{"line":241,"column":8},"end":{"line":242,"column":73}},{"start":{"line":243,"column":8},"end":{"line":244,"column":69}},{"start":{"line":245,"column":8},"end":{"line":246,"column":76}},{"start":{"line":247,"column":8},"end":{"line":248,"column":72}},{"start":{"line":249,"column":8},"end":{"line":251,"column":43}}],"line":232},"12":{"loc":{"start":{"line":241,"column":14},"end":{"line":241,"column":79}},"type":"binary-expr","locations":[{"start":{"line":241,"column":14},"end":{"line":241,"column":41}},{"start":{"line":241,"column":45},"end":{"line":241,"column":79}}],"line":241},"13":{"loc":{"start":{"line":243,"column":14},"end":{"line":243,"column":71}},"type":"binary-expr","locations":[{"start":{"line":243,"column":14},"end":{"line":243,"column":37}},{"start":{"line":243,"column":41},"end":{"line":243,"column":71}}],"line":243},"14":{"loc":{"start":{"line":245,"column":14},"end":{"line":245,"column":81}},"type":"binary-expr","locations":[{"start":{"line":245,"column":14},"end":{"line":245,"column":36}},{"start":{"line":245,"column":40},"end":{"line":245,"column":81}}],"line":245},"15":{"loc":{"start":{"line":247,"column":14},"end":{"line":247,"column":82}},"type":"binary-expr","locations":[{"start":{"line":247,"column":14},"end":{"line":247,"column":36}},{"start":{"line":247,"column":40},"end":{"line":247,"column":82}}],"line":247},"16":{"loc":{"start":{"line":265,"column":4},"end":{"line":276,"column":5}},"type":"if","locations":[{"start":{"line":265,"column":4},"end":{"line":276,"column":5}},{"start":{"line":267,"column":11},"end":{"line":276,"column":5}}],"line":265},"17":{"loc":{"start":{"line":289,"column":4},"end":{"line":295,"column":5}},"type":"if","locations":[{"start":{"line":289,"column":4},"end":{"line":295,"column":5}},{"start":{"line":292,"column":11},"end":{"line":295,"column":5}}],"line":289},"18":{"loc":{"start":{"line":307,"column":4},"end":{"line":313,"column":5}},"type":"if","locations":[{"start":{"line":307,"column":4},"end":{"line":313,"column":5}},{"start":{"line":310,"column":11},"end":{"line":313,"column":5}}],"line":307},"19":{"loc":{"start":{"line":325,"column":4},"end":{"line":349,"column":5}},"type":"if","locations":[{"start":{"line":325,"column":4},"end":{"line":349,"column":5}},{"start":{"line":327,"column":11},"end":{"line":349,"column":5}}],"line":325},"20":{"loc":{"start":{"line":328,"column":6},"end":{"line":348,"column":7}},"type":"switch","locations":[{"start":{"line":329,"column":8},"end":{"line":330,"column":66}},{"start":{"line":331,"column":8},"end":{"line":332,"column":73}},{"start":{"line":333,"column":8},"end":{"line":334,"column":69}},{"start":{"line":335,"column":8},"end":{"line":336,"column":68}},{"start":{"line":337,"column":8},"end":{"line":338,"column":73}},{"start":{"line":339,"column":8},"end":{"line":340,"column":69}},{"start":{"line":341,"column":8},"end":{"line":342,"column":76}},{"start":{"line":343,"column":8},"end":{"line":344,"column":72}},{"start":{"line":345,"column":8},"end":{"line":347,"column":43}}],"line":328},"21":{"loc":{"start":{"line":337,"column":14},"end":{"line":337,"column":79}},"type":"binary-expr","locations":[{"start":{"line":337,"column":14},"end":{"line":337,"column":41}},{"start":{"line":337,"column":45},"end":{"line":337,"column":79}}],"line":337},"22":{"loc":{"start":{"line":339,"column":14},"end":{"line":339,"column":71}},"type":"binary-expr","locations":[{"start":{"line":339,"column":14},"end":{"line":339,"column":37}},{"start":{"line":339,"column":41},"end":{"line":339,"column":71}}],"line":339},"23":{"loc":{"start":{"line":341,"column":14},"end":{"line":341,"column":81}},"type":"binary-expr","locations":[{"start":{"line":341,"column":14},"end":{"line":341,"column":36}},{"start":{"line":341,"column":40},"end":{"line":341,"column":81}}],"line":341},"24":{"loc":{"start":{"line":343,"column":14},"end":{"line":343,"column":82}},"type":"binary-expr","locations":[{"start":{"line":343,"column":14},"end":{"line":343,"column":36}},{"start":{"line":343,"column":40},"end":{"line":343,"column":82}}],"line":343},"25":{"loc":{"start":{"line":361,"column":4},"end":{"line":366,"column":5}},"type":"if","locations":[{"start":{"line":361,"column":4},"end":{"line":366,"column":5}},{"start":{"line":363,"column":11},"end":{"line":366,"column":5}}],"line":361},"26":{"loc":{"start":{"line":378,"column":4},"end":{"line":383,"column":5}},"type":"if","locations":[{"start":{"line":378,"column":4},"end":{"line":383,"column":5}},{"start":{"line":380,"column":11},"end":{"line":383,"column":5}}],"line":378},"27":{"loc":{"start":{"line":395,"column":4},"end":{"line":400,"column":5}},"type":"if","locations":[{"start":{"line":395,"column":4},"end":{"line":400,"column":5}},{"start":{"line":397,"column":11},"end":{"line":400,"column":5}}],"line":395},"28":{"loc":{"start":{"line":412,"column":4},"end":{"line":417,"column":5}},"type":"if","locations":[{"start":{"line":412,"column":4},"end":{"line":417,"column":5}},{"start":{"line":414,"column":11},"end":{"line":417,"column":5}}],"line":412},"29":{"loc":{"start":{"line":429,"column":4},"end":{"line":434,"column":5}},"type":"if","locations":[{"start":{"line":429,"column":4},"end":{"line":434,"column":5}},{"start":{"line":431,"column":11},"end":{"line":434,"column":5}}],"line":429},"30":{"loc":{"start":{"line":446,"column":4},"end":{"line":451,"column":5}},"type":"if","locations":[{"start":{"line":446,"column":4},"end":{"line":451,"column":5}},{"start":{"line":448,"column":11},"end":{"line":451,"column":5}}],"line":446},"31":{"loc":{"start":{"line":463,"column":4},"end":{"line":468,"column":5}},"type":"if","locations":[{"start":{"line":463,"column":4},"end":{"line":468,"column":5}},{"start":{"line":465,"column":11},"end":{"line":468,"column":5}}],"line":463},"32":{"loc":{"start":{"line":480,"column":4},"end":{"line":485,"column":5}},"type":"if","locations":[{"start":{"line":480,"column":4},"end":{"line":485,"column":5}},{"start":{"line":482,"column":11},"end":{"line":485,"column":5}}],"line":480}},"s":{"0":9,"1":9,"2":9,"3":9,"4":9,"5":9,"6":9,"7":2,"8":2,"9":2,"10":1,"11":1,"12":1,"13":9,"14":2,"15":2,"16":2,"17":1,"18":1,"19":1,"20":9,"21":2,"22":2,"23":2,"24":1,"25":1,"26":1,"27":9,"28":2,"29":2,"30":2,"31":1,"32":1,"33":1,"34":9,"35":2,"36":2,"37":2,"38":1,"39":1,"40":1,"41":9,"42":2,"43":2,"44":2,"45":1,"46":1,"47":1,"48":9,"49":9,"50":1,"51":1,"52":1,"53":1,"54":9,"55":2,"56":2,"57":2,"58":1,"59":1,"60":1,"61":9,"62":2,"63":2,"64":2,"65":1,"66":1,"67":1,"68":9,"69":2,"70":2,"71":2,"72":2,"73":9,"74":1,"75":1,"76":1,"77":1,"78":9,"79":1,"80":1,"81":1,"82":1,"83":0,"84":9,"85":14,"86":14,"87":14,"88":1,"89":13,"90":1,"91":1,"92":1,"93":1,"94":1,"95":1,"96":1,"97":1,"98":2,"99":2,"100":2,"101":2,"102":1,"103":1,"104":1,"105":1,"106":3,"107":2,"108":2,"109":9,"110":2,"111":2,"112":2,"113":1,"114":1,"115":1,"116":1,"117":1,"118":1,"119":1,"120":9,"121":22,"122":22,"123":22,"124":1,"125":1,"126":21,"127":21,"128":9,"129":7,"130":7,"131":7,"132":1,"133":1,"134":6,"135":6,"136":9,"137":17,"138":17,"139":17,"140":1,"141":16,"142":1,"143":1,"144":2,"145":2,"146":1,"147":1,"148":1,"149":1,"150":2,"151":2,"152":2,"153":2,"154":1,"155":1,"156":1,"157":1,"158":5,"159":5,"160":5,"161":9,"162":3,"163":3,"164":3,"165":1,"166":2,"167":2,"168":9,"169":2,"170":2,"171":2,"172":1,"173":1,"174":1,"175":9,"176":17,"177":17,"178":17,"179":17,"180":1,"181":16,"182":16,"183":9,"184":2,"185":2,"186":2,"187":1,"188":1,"189":1,"190":9,"191":2,"192":2,"193":2,"194":1,"195":1,"196":1,"197":9,"198":2,"199":2,"200":2,"201":1,"202":1,"203":1,"204":9,"205":2,"206":2,"207":2,"208":1,"209":1,"210":1,"211":9,"212":2,"213":2,"214":2,"215":1,"216":1,"217":1,"218":9},"f":{"0":2,"1":2,"2":2,"3":2,"4":2,"5":2,"6":1,"7":2,"8":2,"9":2,"10":1,"11":1,"12":14,"13":2,"14":1,"15":22,"16":7,"17":17,"18":3,"19":2,"20":17,"21":2,"22":2,"23":2,"24":2,"25":2},"b":{"0":[1,1],"1":[1,1],"2":[1,1],"3":[1,1],"4":[1,1],"5":[1,1],"6":[1],"7":[1,1],"8":[1,1],"9":[0],"10":[1,13],"11":[1,1,1,1,2,2,1,1,3],"12":[9,8],"13":[7,6],"14":[5,2],"15":[4,2],"16":[1,1],"17":[1,21],"18":[1,6],"19":[1,16],"20":[1,2,1,1,2,2,1,1,5],"21":[11,10],"22":[9,8],"23":[7,2],"24":[6,4],"25":[1,2],"26":[1,1],"27":[1,16],"28":[1,1],"29":[1,1],"30":[1,1],"31":[1,1],"32":[1,1]},"_coverageSchema":"1a1c01bbd47fc00a2c39e90264f33305004495a9","hash":"51c430621a3a26792d45ece620829439d8046a5a"}
}
