TN:
SF:config.js
FNF:0
FNH:0
DA:1,9
DA:18,9
LF:2
LH:2
BRF:0
BRH:0
end_of_record
TN:
SF:index.js
FN:39,(anonymous_0)
FN:46,(anonymous_1)
FNF:2
FNH:2
FNDA:9,(anonymous_0)
FNDA:9,(anonymous_1)
DA:1,9
DA:2,9
DA:3,9
DA:4,9
DA:5,9
DA:6,9
DA:7,9
DA:8,9
DA:9,9
DA:10,9
DA:11,9
DA:12,9
DA:14,9
DA:15,9
DA:16,9
DA:24,9
DA:25,9
DA:26,9
DA:27,9
DA:28,9
DA:29,9
DA:30,9
DA:31,9
DA:32,9
DA:34,9
DA:36,9
DA:39,9
DA:40,9
DA:41,9
DA:42,9
DA:46,9
DA:47,9
DA:50,9
LF:33
LH:33
BRDA:40,0,0,9
BRDA:40,0,1,9
BRF:2
BRH:2
end_of_record
TN:
SF:models\authentication.js
FN:5,authenticateWithRole
FN:34,authenticateJWT
FNF:2
FNH:2
FNDA:961,authenticateWithRole
FNDA:961,authenticateJWT
DA:1,9
DA:2,9
DA:3,9
DA:7,961
DA:8,961
DA:9,961
DA:10,961
DA:15,961
DA:16,112
DA:17,155
DA:18,87
DA:21,25
DA:23,849
DA:24,790
DA:26,59
DA:35,961
DA:36,961
DA:41,961
DA:44,9
LF:19
LH:19
BRDA:7,0,0,961
BRDA:15,1,0,112
BRDA:15,1,1,849
BRDA:17,2,0,87
BRDA:17,2,1,68
BRDA:23,3,0,790
BRDA:23,3,1,59
BRF:7
BRH:7
end_of_record
TN:
SF:models\class.js
FN:6,measure
FN:19,toSeconds
FN:28,getAllClasses
FN:45,getLecturerCalendar
FN:98,getLessonData
FN:157,getClassesCalendar
FN:171,getClassesCalendarForSubjectGroup
FN:226,getAttendanceList
FN:244,changeAttendanceList
FN:264,addClasses
FN:301,searchClasses
FN:357,getClassesData
FN:379,getAttendanceListForStudent
FN:394,changePresenceStatus
FN:470,editClasses
FNF:15
FNH:15
FNDA:4,measure
FNDA:15,toSeconds
FNDA:1,getAllClasses
FNDA:9,getLecturerCalendar
FNDA:48,getLessonData
FNDA:1,getClassesCalendar
FNDA:2,getClassesCalendarForSubjectGroup
FNDA:1,getAttendanceList
FNDA:2,changeAttendanceList
FNDA:1,addClasses
FNDA:8,searchClasses
FNDA:1,getClassesData
FNDA:1,getAttendanceListForStudent
FNDA:5,changePresenceStatus
FNDA:1,editClasses
DA:1,9
DA:2,9
DA:3,9
DA:8,4
DA:9,4
DA:10,4
DA:11,4
DA:14,4
DA:15,4
DA:16,4
DA:20,15
DA:21,15
DA:22,15
DA:23,15
DA:24,15
DA:29,1
DA:33,1
DA:46,9
DA:58,9
DA:63,9
DA:64,9
DA:67,39
DA:68,39
DA:69,39
DA:70,39
DA:71,39
DA:73,39
DA:75,39
DA:77,39
DA:78,142
DA:79,39
DA:80,39
DA:84,39
DA:85,39
DA:86,759
DA:88,29601
DA:89,141
DA:90,141
DA:95,9
DA:100,48
DA:102,48
DA:104,48
DA:116,48
DA:124,48
DA:125,48
DA:126,45
DA:127,45
DA:128,45
DA:130,45
DA:132,45
DA:134,45
DA:135,159
DA:136,45
DA:137,45
DA:140,45
DA:143,45
DA:144,936
DA:146,36504
DA:147,160
DA:148,45
DA:150,160
DA:154,45
DA:159,1
DA:164,1
DA:165,1
DA:166,0
DA:168,1
DA:172,2
DA:173,2
DA:175,2
DA:187,2
DA:195,2
DA:196,2
DA:197,1
DA:198,1
DA:199,1
DA:201,1
DA:203,1
DA:205,1
DA:206,5
DA:207,1
DA:208,1
DA:211,1
DA:213,1
DA:214,21
DA:216,819
DA:217,3
DA:218,3
DA:223,1
DA:227,1
DA:228,1
DA:229,1
DA:241,1
DA:245,2
DA:246,1
DA:248,1
DA:249,1
DA:250,1
DA:251,1
DA:252,1
DA:254,1
DA:255,1
DA:261,1
DA:267,1
DA:276,1
DA:282,1
DA:286,1
DA:287,1
DA:288,1
DA:289,4
DA:292,1
DA:295,1
DA:303,8
DA:315,8
DA:316,1
DA:317,1
DA:320,7
DA:321,1
DA:322,1
DA:325,6
DA:326,1
DA:327,1
DA:330,5
DA:331,1
DA:332,1
DA:335,4
DA:336,1
DA:337,1
DA:340,3
DA:341,1
DA:342,1
DA:345,2
DA:346,1
DA:347,1
DA:350,1
DA:351,1
DA:352,1
DA:354,8
DA:358,1
DA:372,1
DA:373,1
DA:374,0
DA:375,0
DA:380,1
DA:391,1
DA:396,5
DA:397,5
DA:398,5
DA:408,5
DA:409,1
DA:414,4
DA:416,3
DA:418,3
DA:419,3
DA:420,3
DA:421,3
DA:423,3
DA:424,3
DA:425,3
DA:426,3
DA:427,3
DA:428,3
DA:432,3
DA:433,3
DA:434,3
DA:435,3
DA:436,2
DA:437,2
DA:440,0
DA:441,0
DA:442,0
DA:446,0
DA:451,1
DA:452,1
DA:455,0
DA:460,0
DA:462,0
DA:465,1
DA:471,1
DA:478,9
LF:180
LH:170
BRDA:78,0,0,39
BRDA:78,0,1,103
BRDA:88,1,0,141
BRDA:88,1,1,29460
BRDA:135,2,0,45
BRDA:135,2,1,114
BRDA:146,3,0,160
BRDA:146,3,1,36344
BRDA:147,4,0,45
BRDA:147,4,1,115
BRDA:206,5,0,1
BRDA:206,5,1,4
BRDA:216,6,0,3
BRDA:216,6,1,816
BRDA:217,7,0,3
BRDA:217,7,1,0
BRDA:245,8,0,1
BRDA:245,8,1,1
BRDA:245,9,0,2
BRDA:245,9,1,1
BRDA:315,10,0,1
BRDA:315,10,1,7
BRDA:315,11,0,8
BRDA:315,11,1,8
BRDA:315,11,2,4
BRDA:315,11,3,2
BRDA:320,12,0,1
BRDA:320,12,1,6
BRDA:320,13,0,7
BRDA:320,13,1,7
BRDA:320,13,2,4
BRDA:320,13,3,2
BRDA:325,14,0,1
BRDA:325,14,1,5
BRDA:325,15,0,6
BRDA:325,15,1,6
BRDA:325,15,2,3
BRDA:325,15,3,2
BRDA:330,16,0,1
BRDA:330,16,1,4
BRDA:330,17,0,5
BRDA:330,17,1,5
BRDA:330,17,2,2
BRDA:330,17,3,1
BRDA:335,18,0,1
BRDA:335,18,1,3
BRDA:335,19,0,4
BRDA:335,19,1,4
BRDA:335,19,2,3
BRDA:335,19,3,1
BRDA:340,20,0,1
BRDA:340,20,1,2
BRDA:340,21,0,3
BRDA:340,21,1,3
BRDA:340,21,2,2
BRDA:340,21,3,2
BRDA:345,22,0,1
BRDA:345,22,1,1
BRDA:345,23,0,2
BRDA:345,23,1,2
BRDA:345,23,2,1
BRDA:345,23,3,1
BRDA:350,24,0,1
BRDA:350,24,1,0
BRDA:350,25,0,1
BRDA:350,25,1,1
BRDA:350,25,2,1
BRDA:350,25,3,1
BRDA:408,26,0,1
BRDA:408,26,1,4
BRDA:414,27,0,3
BRDA:414,27,1,1
BRDA:435,28,0,2
BRDA:435,28,1,1
BRDA:435,29,0,3
BRDA:435,29,1,3
BRDA:436,30,0,2
BRDA:436,30,1,0
BRDA:440,31,0,0
BRDA:440,31,1,0
BRDA:440,32,0,0
BRDA:440,32,1,0
BRDA:451,33,0,1
BRDA:451,33,1,0
BRF:84
BRH:76
end_of_record
TN:
SF:models\classroom.js
FN:4,getAllClassrooms
FN:12,getAllClassroomsNamesFromFacility
FN:21,createClassroom
FN:48,getAllClassroomsFromFacility
FN:57,getOneClassroom
FN:66,updateOneClassroom
FN:76,deleteOneClassroom
FN:85,deleteOneClassroomNoCascade
FN:106,classroomsScheduleForFacilityOnSpecificDays
FNF:9
FNH:9
FNDA:1,getAllClassrooms
FNDA:1,getAllClassroomsNamesFromFacility
FNDA:100,createClassroom
FNDA:1,getAllClassroomsFromFacility
FNDA:100,getOneClassroom
FNDA:1,updateOneClassroom
FNDA:100,deleteOneClassroom
FNDA:1,deleteOneClassroomNoCascade
FNDA:1,classroomsScheduleForFacilityOnSpecificDays
DA:1,9
DA:2,9
DA:5,1
DA:9,1
DA:13,1
DA:18,1
DA:22,100
DA:23,100
DA:25,100
DA:28,100
DA:29,0
DA:30,0
DA:35,100
DA:40,100
DA:41,100
DA:42,0
DA:44,100
DA:49,1
DA:54,1
DA:58,100
DA:63,100
DA:67,1
DA:73,1
DA:78,100
DA:82,100
DA:87,1
DA:88,1
DA:95,0
DA:98,1
DA:102,1
DA:103,1
DA:108,1
DA:109,1
DA:110,2
DA:112,1
DA:114,1
DA:126,1
DA:130,9
LF:38
LH:34
BRDA:28,0,0,0
BRDA:28,0,1,100
BRDA:41,1,0,0
BRDA:41,1,1,100
BRF:4
BRH:2
end_of_record
TN:
SF:models\day.js
FN:7,getCalendarForFacility
FN:15,getWholeCalendarForFacility
FN:23,editCalendar
FN:95,addDays
FNF:4
FNH:4
FNDA:1,getCalendarForFacility
FNDA:2,getWholeCalendarForFacility
FNDA:1,editCalendar
FNDA:1,addDays
DA:1,9
DA:2,9
DA:3,9
DA:4,9
DA:5,9
DA:8,1
DA:12,1
DA:16,2
DA:20,2
DA:24,1
DA:25,1
DA:26,1
DA:27,1
DA:28,1
DA:29,1
DA:30,1
DA:32,1
DA:34,1
DA:35,1
DA:36,1
DA:37,1
DA:44,1
DA:46,1
DA:47,1
DA:48,1
DA:56,1
DA:64,1
DA:67,1
DA:68,1
DA:69,70
DA:71,1
DA:74,1
DA:80,1
DA:96,1
DA:99,1
DA:102,1
DA:105,1
DA:106,1
DA:107,1
DA:109,1
DA:112,0
DA:117,1
DA:118,0
DA:120,0
DA:121,0
DA:124,1
DA:126,1
DA:129,1
DA:132,1
DA:133,1
DA:137,1
DA:138,1
DA:145,9
LF:53
LH:49
BRDA:34,0,0,1
BRDA:44,1,0,1
BRDA:44,1,1,0
BRDA:112,2,0,1
BRDA:118,3,0,0
BRDA:118,3,1,0
BRDA:118,4,0,0
BRDA:118,4,1,0
BRDA:124,5,0,1
BRDA:124,5,1,0
BRDA:124,6,0,1
BRDA:124,6,1,1
BRDA:132,7,0,1
BRF:13
BRH:7
end_of_record
TN:
SF:models\db.js
FN:4,query
FNF:1
FNH:1
FNDA:962,query
DA:1,9
DA:2,9
DA:5,962
DA:7,962
DA:8,962
DA:9,962
DA:10,962
DA:11,851
DA:12,851
DA:13,851
DA:15,111
DA:16,111
DA:17,111
DA:18,111
DA:19,111
DA:23,9
LF:16
LH:16
BRF:0
BRH:0
end_of_record
TN:
SF:models\facility.js
FN:3,getAllFacilities
FN:10,getAllFacilitiesNames
FN:17,getOneFacilityDataByID
FN:25,getLastID
FN:31,createNewFacility
FN:45,changeFacilityLogo
FN:63,changeFacilityShortLogo
FN:76,searchFacilities
FN:103,updateFacilityNameAndStatusByID
FN:113,deleteFacilityLogoReferenceByFacilityID
FN:122,deleteFacilityLogoByFacilityID
FNF:11
FNH:9
FNDA:1,getAllFacilities
FNDA:1,getAllFacilitiesNames
FNDA:1,getOneFacilityDataByID
FNDA:2,getLastID
FNDA:101,createNewFacility
FNDA:0,changeFacilityLogo
FNDA:0,changeFacilityShortLogo
FNDA:103,searchFacilities
FNDA:100,updateFacilityNameAndStatusByID
FNDA:1,deleteFacilityLogoReferenceByFacilityID
FNDA:1,deleteFacilityLogoByFacilityID
DA:1,9
DA:4,1
DA:7,1
DA:11,1
DA:14,1
DA:18,1
DA:22,1
DA:26,2
DA:28,2
DA:32,101
DA:33,1
DA:34,1
DA:35,1
DA:38,100
DA:41,101
DA:42,101
DA:78,103
DA:81,103
DA:82,1
DA:83,1
DA:86,102
DA:87,1
DA:88,1
DA:91,101
DA:92,1
DA:93,1
DA:96,100
DA:97,100
DA:98,100
DA:100,103
DA:104,100
DA:110,100
DA:114,1
DA:119,1
DA:123,1
DA:124,1
DA:125,1
DA:126,0
DA:127,0
DA:131,9
LF:40
LH:38
BRDA:32,0,0,1
BRDA:32,0,1,100
BRDA:81,1,0,1
BRDA:81,1,1,102
BRDA:81,2,0,103
BRDA:81,2,1,2
BRDA:86,3,0,1
BRDA:86,3,1,101
BRDA:86,4,0,102
BRDA:86,4,1,101
BRDA:91,5,0,1
BRDA:91,5,1,100
BRDA:91,6,0,101
BRDA:91,6,1,101
BRDA:96,7,0,100
BRDA:96,7,1,0
BRDA:96,8,0,100
BRDA:96,8,1,100
BRF:18
BRH:17
end_of_record
TN:
SF:models\group.js
FN:4,getAllGroups
FN:12,getAllGroupsFromFacility
FN:21,searchGroups
FN:31,searchGroupsAndSubjects
FN:63,getDataAboutGroupInSubject
FN:78,getDataAboutStudentsFromGroupInSubject
FN:100,getAllGroupsNamesFromFacility
FN:109,createGroup
FN:120,getOneGroup
FN:129,updateOneGroup
FN:139,deleteOneGroup
FN:160,addStudentsToGroup
FN:209,deleteStudentsFromGroup
FN:226,getDatesAndTimeForGroup
FN:243,getGroupsByStudentId
FNF:15
FNH:15
FNDA:1,getAllGroups
FNDA:1,getAllGroupsFromFacility
FNDA:1,searchGroups
FNDA:4,searchGroupsAndSubjects
FNDA:27,getDataAboutGroupInSubject
FNDA:1,getDataAboutStudentsFromGroupInSubject
FNDA:1,getAllGroupsNamesFromFacility
FNDA:1,createGroup
FNDA:1,getOneGroup
FNDA:1,updateOneGroup
FNDA:1,deleteOneGroup
FNDA:1,addStudentsToGroup
FNDA:1,deleteStudentsFromGroup
FNDA:1,getDatesAndTimeForGroup
FNDA:1,getGroupsByStudentId
DA:1,9
DA:2,9
DA:5,1
DA:9,1
DA:13,1
DA:18,1
DA:22,1
DA:23,1
DA:28,1
DA:33,4
DA:41,4
DA:42,1
DA:43,1
DA:46,3
DA:47,1
DA:48,1
DA:51,2
DA:52,1
DA:53,1
DA:56,1
DA:57,1
DA:58,1
DA:60,4
DA:64,27
DA:65,27
DA:66,27
DA:75,27
DA:79,1
DA:80,1
DA:81,1
DA:86,1
DA:88,1
DA:97,0
DA:101,1
DA:106,1
DA:112,1
DA:116,1
DA:117,1
DA:121,1
DA:126,1
DA:130,1
DA:136,1
DA:141,1
DA:146,1
DA:153,1
DA:157,1
DA:163,1
DA:173,1
DA:174,1
DA:175,1
DA:176,1
DA:177,1
DA:178,1
DA:179,1
DA:181,1
DA:183,0
DA:191,1
DA:192,1
DA:193,1
DA:196,1
DA:200,1
DA:205,1
DA:206,1
DA:211,1
DA:218,1
DA:223,1
DA:228,1
DA:240,1
DA:254,9
LF:69
LH:67
BRDA:41,0,0,1
BRDA:41,0,1,3
BRDA:41,1,0,4
BRDA:41,1,1,4
BRDA:41,1,2,4
BRDA:41,1,3,2
BRDA:46,2,0,1
BRDA:46,2,1,2
BRDA:46,3,0,3
BRDA:46,3,1,3
BRDA:46,3,2,3
BRDA:46,3,3,2
BRDA:51,4,0,1
BRDA:51,4,1,1
BRDA:51,5,0,2
BRDA:51,5,1,2
BRDA:51,5,2,2
BRDA:51,5,3,1
BRDA:56,6,0,1
BRDA:56,6,1,0
BRDA:56,7,0,1
BRDA:56,7,1,1
BRDA:56,7,2,1
BRDA:56,7,3,1
BRDA:183,8,0,0
BRF:25
BRH:23
end_of_record
TN:
SF:models\status.js
FN:4,getStatusesList
FNF:1
FNH:1
FNDA:1,getStatusesList
DA:1,9
DA:2,9
DA:5,1
DA:9,1
DA:12,9
LF:5
LH:5
BRF:0
BRH:0
end_of_record
TN:
SF:models\subject.js
FN:4,getAllSubjects
FN:12,getAllSubjectsFromFacility
FN:21,getAllSubjectsNamesFromFacility
FN:30,createSubject
FN:40,searchSubjects
FN:50,getOneSubject
FN:59,updateOneSubject
FN:69,deleteOneSubject
FNF:8
FNH:8
FNDA:1,getAllSubjects
FNDA:1,getAllSubjectsFromFacility
FNDA:1,getAllSubjectsNamesFromFacility
FNDA:1,createSubject
FNDA:1,searchSubjects
FNDA:1,getOneSubject
FNDA:1,updateOneSubject
FNDA:1,deleteOneSubject
DA:1,9
DA:2,9
DA:5,1
DA:9,1
DA:13,1
DA:18,1
DA:22,1
DA:27,1
DA:32,1
DA:36,1
DA:37,1
DA:41,1
DA:42,1
DA:47,1
DA:51,1
DA:56,1
DA:60,1
DA:66,1
DA:71,1
DA:75,1
DA:78,9
LF:21
LH:21
BRF:0
BRH:0
end_of_record
TN:
SF:models\user.js
FN:9,(anonymous_0)
FN:17,(anonymous_1)
FN:26,makeRandom
FN:54,getAllUsers
FN:62,getOneDataForLoginByEmail
FN:69,getUserRoleByUserID
FN:77,getUserDataByUserID
FN:85,getUserDataByUserIDForEditing
FN:95,getUserHashedPaswordByUserID
FN:103,changeUserHashedPaswordByUserID
FN:105,(anonymous_10)
FN:126,changeUserAvatarReferenceByUserID
FN:135,changeUserAvatarByUserID
FN:148,deleteUserAvatarReferenceByUserID
FN:157,deleteUserAvatarByUserID
FN:164,sendLinkToChangeUserPassword
FN:212,(anonymous_16)
FN:231,createNewPasswordRecovery
FN:272,checkLink
FN:289,createNewUser
FN:311,(anonymous_20)
FN:321,hashIt
FN:350,(anonymous_22)
FN:373,searchUsers
FN:498,searchUsers2
FN:532,editUser
FN:547,(anonymous_26)
FN:724,deleteUser
FN:738,deleteUserFromGroup
FN:752,getManyUsersDataByID
FN:761,getAllStudentsFromGroup
FN:772,getAllStudentsFromFacility
FN:781,getAllLecturersFromFacility
FN:790,lecturerScheduleForFacilityOnSpecificDays
FN:813,getAllEmails
FNF:35
FNH:34
FNDA:1,(anonymous_0)
FNDA:60,(anonymous_1)
FNDA:6,makeRandom
FNDA:1,getAllUsers
FNDA:39,getOneDataForLoginByEmail
FNDA:36,getUserRoleByUserID
FNDA:1,getUserDataByUserID
FNDA:1,getUserDataByUserIDForEditing
FNDA:2,getUserHashedPaswordByUserID
FNDA:1,changeUserHashedPaswordByUserID
FNDA:1,(anonymous_10)
FNDA:1,changeUserAvatarReferenceByUserID
FNDA:0,changeUserAvatarByUserID
FNDA:1,deleteUserAvatarReferenceByUserID
FNDA:1,deleteUserAvatarByUserID
FNDA:2,sendLinkToChangeUserPassword
FNDA:2,(anonymous_16)
FNDA:1,createNewPasswordRecovery
FNDA:1,checkLink
FNDA:4,createNewUser
FNDA:4,(anonymous_20)
FNDA:4,hashIt
FNDA:1,(anonymous_22)
FNDA:21,searchUsers
FNDA:6,searchUsers2
FNDA:5,editUser
FNDA:2,(anonymous_26)
FNDA:2,deleteUser
FNDA:1,deleteUserFromGroup
FNDA:16,getManyUsersDataByID
FNDA:1,getAllStudentsFromGroup
FNDA:1,getAllStudentsFromFacility
FNDA:1,getAllLecturersFromFacility
FNDA:1,lecturerScheduleForFacilityOnSpecificDays
FNDA:1,getAllEmails
DA:1,9
DA:2,9
DA:3,9
DA:4,9
DA:5,9
DA:6,9
DA:9,9
DA:10,1
DA:11,1
DA:12,60
DA:14,1
DA:17,9
DA:18,60
DA:20,60
DA:23,60
DA:27,6
DA:28,6
DA:29,6
DA:30,6
DA:31,100
DA:34,6
DA:55,1
DA:59,1
DA:63,39
DA:66,39
DA:70,36
DA:74,36
DA:78,1
DA:82,1
DA:86,1
DA:92,1
DA:96,2
DA:100,2
DA:105,1
DA:106,1
DA:107,1
DA:108,1
DA:112,1
DA:113,1
DA:118,1
DA:119,1
DA:123,0
DA:127,1
DA:132,1
DA:149,1
DA:154,1
DA:158,1
DA:159,1
DA:160,1
DA:161,0
DA:167,2
DA:173,2
DA:175,2
DA:178,2
DA:181,2
DA:182,2
DA:183,2
DA:185,2
DA:186,2
DA:187,2
DA:188,2
DA:189,2
DA:190,2
DA:192,2
DA:194,2
DA:203,2
DA:212,2
DA:214,2
DA:217,2
DA:221,2
DA:227,2
DA:232,1
DA:238,1
DA:239,1
DA:240,1
DA:242,1
DA:244,1
DA:246,1
DA:248,0
DA:249,0
DA:250,0
DA:251,0
DA:252,0
DA:253,0
DA:255,0
DA:257,0
DA:261,0
DA:269,1
DA:273,1
DA:279,1
DA:282,1
DA:283,0
DA:291,4
DA:294,4
DA:303,4
DA:311,4
DA:313,4
DA:316,4
DA:322,4
DA:323,4
DA:324,4
DA:326,4
DA:329,4
DA:330,3
DA:333,4
DA:334,1
DA:338,3
DA:344,4
DA:345,4
DA:346,1
DA:348,1
DA:350,1
DA:351,1
DA:352,1
DA:356,1
DA:358,1
DA:359,1
DA:361,0
DA:363,0
DA:369,3
DA:370,3
DA:376,21
DA:377,0
DA:380,0
DA:381,0
DA:382,0
DA:385,0
DA:386,0
DA:387,0
DA:390,0
DA:391,0
DA:392,0
DA:395,0
DA:396,0
DA:397,0
DA:400,0
DA:401,0
DA:402,0
DA:405,0
DA:406,0
DA:407,0
DA:410,0
DA:411,0
DA:412,0
DA:415,0
DA:416,0
DA:417,0
DA:421,21
DA:422,0
DA:425,0
DA:426,0
DA:427,0
DA:430,0
DA:431,0
DA:432,0
DA:435,0
DA:436,0
DA:437,0
DA:440,0
DA:441,0
DA:442,0
DA:446,21
DA:447,0
DA:455,0
DA:456,0
DA:457,0
DA:460,0
DA:461,0
DA:462,0
DA:465,0
DA:466,0
DA:467,0
DA:470,0
DA:471,0
DA:472,0
DA:475,0
DA:476,0
DA:477,0
DA:480,0
DA:481,0
DA:482,0
DA:485,0
DA:486,0
DA:487,0
DA:490,0
DA:491,0
DA:492,0
DA:495,21
DA:500,6
DA:503,6
DA:504,0
DA:505,0
DA:508,6
DA:509,0
DA:510,0
DA:514,6
DA:515,0
DA:516,0
DA:520,6
DA:521,0
DA:522,0
DA:525,6
DA:526,0
DA:527,0
DA:529,6
DA:533,5
DA:535,5
DA:536,2
DA:539,5
DA:540,0
DA:544,5
DA:545,3
DA:547,3
DA:548,2
DA:549,2
DA:553,3
DA:560,3
DA:561,3
DA:562,4
DA:566,3
DA:567,1
DA:570,2
DA:571,2
DA:574,2
DA:575,2
DA:576,4
DA:578,2
DA:579,2
DA:581,2
DA:587,2
DA:595,2
DA:596,2
DA:597,2
DA:598,2
DA:599,2
DA:601,2
DA:602,2
DA:603,2
DA:606,2
DA:611,2
DA:620,2
DA:621,2
DA:622,2
DA:623,2
DA:625,2
DA:626,16
DA:627,0
DA:630,16
DA:635,2
DA:636,2
DA:638,2
DA:648,5
DA:649,5
DA:652,5
DA:653,4
DA:655,4
DA:668,1
DA:670,1
DA:672,0
DA:677,0
DA:682,0
DA:697,1
DA:699,1
DA:706,1
DA:721,5
DA:725,2
DA:726,1
DA:732,2
DA:735,2
DA:740,1
DA:746,1
DA:749,1
DA:753,16
DA:758,16
DA:762,1
DA:769,1
DA:773,1
DA:778,1
DA:782,1
DA:787,1
DA:792,1
DA:793,1
DA:794,1
DA:796,1
DA:798,1
DA:810,1
DA:814,1
DA:818,1
DA:821,9
LF:289
LH:197
BRDA:20,0,0,60
BRDA:112,1,0,1
BRDA:173,2,0,2
BRDA:173,2,1,0
BRDA:214,3,0,2
BRDA:244,4,0,1
BRDA:246,5,0,0
BRDA:246,6,0,1
BRDA:246,6,1,1
BRDA:282,7,0,0
BRDA:282,8,0,1
BRDA:282,8,1,1
BRDA:282,8,2,1
BRDA:313,9,0,4
BRDA:329,10,0,3
BRDA:329,10,1,1
BRDA:333,11,0,1
BRDA:333,11,1,3
BRDA:345,12,0,1
BRDA:345,12,1,3
BRDA:348,13,0,1
BRDA:348,13,1,0
BRDA:351,14,0,1
BRDA:351,14,1,0
BRDA:376,15,0,0
BRDA:376,15,1,21
BRDA:380,16,0,0
BRDA:380,16,1,0
BRDA:380,17,0,0
BRDA:380,17,1,0
BRDA:380,17,2,0
BRDA:385,18,0,0
BRDA:385,18,1,0
BRDA:385,19,0,0
BRDA:385,19,1,0
BRDA:385,19,2,0
BRDA:390,20,0,0
BRDA:390,20,1,0
BRDA:390,21,0,0
BRDA:390,21,1,0
BRDA:390,21,2,0
BRDA:395,22,0,0
BRDA:395,22,1,0
BRDA:395,23,0,0
BRDA:395,23,1,0
BRDA:395,23,2,0
BRDA:400,24,0,0
BRDA:400,24,1,0
BRDA:400,25,0,0
BRDA:400,25,1,0
BRDA:400,25,2,0
BRDA:405,26,0,0
BRDA:405,26,1,0
BRDA:405,27,0,0
BRDA:405,27,1,0
BRDA:405,27,2,0
BRDA:410,28,0,0
BRDA:410,28,1,0
BRDA:410,29,0,0
BRDA:410,29,1,0
BRDA:410,29,2,0
BRDA:415,30,0,0
BRDA:415,30,1,0
BRDA:415,31,0,0
BRDA:415,31,1,0
BRDA:415,31,2,0
BRDA:421,32,0,0
BRDA:421,32,1,21
BRDA:425,33,0,0
BRDA:425,33,1,0
BRDA:425,34,0,0
BRDA:425,34,1,0
BRDA:430,35,0,0
BRDA:430,35,1,0
BRDA:430,36,0,0
BRDA:430,36,1,0
BRDA:435,37,0,0
BRDA:435,37,1,0
BRDA:435,38,0,0
BRDA:435,38,1,0
BRDA:440,39,0,0
BRDA:440,39,1,0
BRDA:440,40,0,0
BRDA:440,40,1,0
BRDA:446,41,0,0
BRDA:446,41,1,21
BRDA:455,42,0,0
BRDA:455,42,1,0
BRDA:455,43,0,0
BRDA:455,43,1,0
BRDA:455,43,2,0
BRDA:460,44,0,0
BRDA:460,44,1,0
BRDA:460,45,0,0
BRDA:460,45,1,0
BRDA:460,45,2,0
BRDA:465,46,0,0
BRDA:465,46,1,0
BRDA:465,47,0,0
BRDA:465,47,1,0
BRDA:465,47,2,0
BRDA:470,48,0,0
BRDA:470,48,1,0
BRDA:470,49,0,0
BRDA:470,49,1,0
BRDA:470,49,2,0
BRDA:475,50,0,0
BRDA:475,50,1,0
BRDA:475,51,0,0
BRDA:475,51,1,0
BRDA:475,51,2,0
BRDA:480,52,0,0
BRDA:480,52,1,0
BRDA:480,53,0,0
BRDA:480,53,1,0
BRDA:480,53,2,0
BRDA:485,54,0,0
BRDA:485,54,1,0
BRDA:485,55,0,0
BRDA:485,55,1,0
BRDA:485,55,2,0
BRDA:490,56,0,0
BRDA:490,56,1,0
BRDA:490,57,0,0
BRDA:490,57,1,0
BRDA:490,57,2,0
BRDA:503,58,0,0
BRDA:503,58,1,6
BRDA:503,59,0,6
BRDA:503,59,1,0
BRDA:503,59,2,0
BRDA:508,60,0,0
BRDA:508,60,1,6
BRDA:508,61,0,6
BRDA:508,61,1,6
BRDA:508,61,2,0
BRDA:514,62,0,0
BRDA:514,62,1,6
BRDA:514,63,0,6
BRDA:514,63,1,0
BRDA:514,63,2,0
BRDA:520,64,0,0
BRDA:520,64,1,6
BRDA:520,65,0,6
BRDA:520,65,1,0
BRDA:520,65,2,0
BRDA:525,66,0,0
BRDA:525,66,1,6
BRDA:525,67,0,6
BRDA:525,67,1,0
BRDA:525,67,2,0
BRDA:535,68,0,2
BRDA:535,68,1,3
BRDA:539,69,0,0
BRDA:539,69,1,5
BRDA:544,70,0,3
BRDA:544,70,1,2
BRDA:544,71,0,5
BRDA:544,71,1,3
BRDA:548,72,0,2
BRDA:548,72,1,0
BRDA:566,73,0,1
BRDA:566,73,1,2
BRDA:571,74,0,2
BRDA:571,74,1,0
BRDA:626,75,0,0
BRDA:626,75,1,16
BRDA:652,76,0,4
BRDA:652,76,1,1
BRDA:670,77,0,0
BRDA:670,77,1,1
BRDA:697,78,0,1
BRDA:697,78,1,0
BRDA:725,79,0,1
BRDA:725,79,1,1
BRF:175
BRH:51
end_of_record
TN:
SF:models\validation.js
FN:1,verifyRegexFacilityName
FN:10,verifyRegexNameOrSurname
FN:19,verifyRegexOptionalName
FN:28,verifyRegexEmail
FN:37,verifyRegexLecturerTitle
FN:46,verifyRegexBirthDate
FN:55,verifyRegexClassroomName
FN:65,verifyRegexClassroomGps
FN:75,verifyRegexClassroomDescription
FN:85,verifyRegexGroupName
FN:94,verifyRegexGroupOrSubjectYear
FN:103,verifyRegexGroupOrSubjectSemester
FN:112,verifyRegexSubjectName
FNF:13
FNH:13
FNDA:207,verifyRegexFacilityName
FNDA:53,verifyRegexNameOrSurname
FNDA:27,verifyRegexOptionalName
FNDA:22,verifyRegexEmail
FNDA:4,verifyRegexLecturerTitle
FNDA:6,verifyRegexBirthDate
FNDA:112,verifyRegexClassroomName
FNDA:208,verifyRegexClassroomGps
FNDA:107,verifyRegexClassroomDescription
FNDA:8,verifyRegexGroupName
FNDA:12,verifyRegexGroupOrSubjectYear
FNDA:8,verifyRegexGroupOrSubjectSemester
FNDA:8,verifyRegexSubjectName
DA:2,207
DA:3,207
DA:4,205
DA:6,2
DA:11,53
DA:12,53
DA:13,49
DA:15,4
DA:20,27
DA:21,27
DA:22,24
DA:24,3
DA:29,22
DA:30,22
DA:31,20
DA:33,2
DA:38,4
DA:39,4
DA:40,2
DA:42,2
DA:47,6
DA:48,6
DA:49,4
DA:51,2
DA:56,112
DA:57,112
DA:58,110
DA:60,2
DA:61,2
DA:66,208
DA:67,208
DA:68,204
DA:70,4
DA:71,4
DA:76,107
DA:77,107
DA:78,105
DA:80,2
DA:81,2
DA:86,8
DA:87,8
DA:88,6
DA:90,2
DA:95,12
DA:96,12
DA:97,8
DA:99,4
DA:104,8
DA:105,8
DA:106,4
DA:108,4
DA:113,8
DA:114,8
DA:115,6
DA:117,2
DA:121,9
LF:56
LH:56
BRDA:3,0,0,205
BRDA:3,0,1,2
BRDA:12,1,0,49
BRDA:12,1,1,4
BRDA:21,2,0,24
BRDA:21,2,1,3
BRDA:21,3,0,27
BRDA:21,3,1,27
BRDA:30,4,0,20
BRDA:30,4,1,2
BRDA:39,5,0,2
BRDA:39,5,1,2
BRDA:48,6,0,4
BRDA:48,6,1,2
BRDA:57,7,0,110
BRDA:57,7,1,2
BRDA:67,8,0,204
BRDA:67,8,1,4
BRDA:77,9,0,105
BRDA:77,9,1,2
BRDA:77,10,0,107
BRDA:77,10,1,2
BRDA:87,11,0,6
BRDA:87,11,1,2
BRDA:96,12,0,8
BRDA:96,12,1,4
BRDA:105,13,0,4
BRDA:105,13,1,4
BRDA:114,14,0,6
BRDA:114,14,1,2
BRF:30
BRH:30
end_of_record
TN:
SF:routes\auth.js
FN:10,(anonymous_0)
FN:41,(anonymous_1)
FN:74,(anonymous_2)
FNF:3
FNH:3
FNDA:35,(anonymous_0)
FNDA:4,(anonymous_1)
FNDA:39,(anonymous_2)
DA:1,9
DA:2,9
DA:3,9
DA:4,9
DA:5,9
DA:6,9
DA:8,9
DA:10,9
DA:11,35
DA:12,35
DA:13,35
DA:14,35
DA:15,1
DA:16,34
DA:17,2
DA:18,32
DA:23,32
DA:24,2
DA:27,30
DA:28,30
DA:33,30
DA:34,30
DA:35,30
DA:41,9
DA:42,4
DA:43,4
DA:44,4
DA:45,4
DA:46,1
DA:47,3
DA:48,1
DA:49,2
DA:53,2
DA:54,1
DA:57,1
DA:59,1
DA:64,1
DA:65,1
DA:66,1
DA:74,9
DA:75,39
DA:79,39
DA:81,9
LF:43
LH:43
BRDA:14,0,0,1
BRDA:14,0,1,34
BRDA:16,1,0,2
BRDA:16,1,1,32
BRDA:23,2,0,2
BRDA:23,2,1,30
BRDA:45,3,0,1
BRDA:45,3,1,3
BRDA:47,4,0,1
BRDA:47,4,1,2
BRDA:47,5,0,3
BRDA:47,5,1,3
BRDA:53,6,0,1
BRDA:53,6,1,1
BRF:14
BRH:14
end_of_record
TN:
SF:routes\classes.js
FN:10,(anonymous_0)
FN:37,(anonymous_1)
FN:54,(anonymous_2)
FN:71,(anonymous_3)
FN:88,(anonymous_4)
FN:104,(anonymous_5)
FN:120,(anonymous_6)
FN:142,(anonymous_7)
FN:158,(anonymous_8)
FN:175,(anonymous_9)
FN:192,(anonymous_10)
FN:208,(anonymous_11)
FN:239,(anonymous_12)
FN:257,(anonymous_13)
FNF:14
FNH:14
FNDA:2,(anonymous_0)
FNDA:10,(anonymous_1)
FNDA:49,(anonymous_2)
FNDA:2,(anonymous_3)
FNDA:2,(anonymous_4)
FNDA:2,(anonymous_5)
FNDA:3,(anonymous_6)
FNDA:2,(anonymous_7)
FNDA:2,(anonymous_8)
FNDA:8,(anonymous_9)
FNDA:2,(anonymous_10)
FNDA:6,(anonymous_11)
FNDA:2,(anonymous_12)
FNDA:2,(anonymous_13)
DA:1,9
DA:2,9
DA:3,9
DA:4,9
DA:5,9
DA:6,9
DA:7,9
DA:10,9
DA:11,2
DA:12,2
DA:13,2
DA:14,1
DA:16,1
DA:17,1
DA:37,9
DA:38,10
DA:39,10
DA:40,10
DA:41,1
DA:43,9
DA:44,9
DA:54,9
DA:55,49
DA:56,49
DA:57,49
DA:58,1
DA:60,48
DA:61,45
DA:71,9
DA:72,2
DA:73,2
DA:74,2
DA:75,1
DA:77,1
DA:78,1
DA:88,9
DA:89,2
DA:90,2
DA:91,2
DA:92,1
DA:94,1
DA:95,1
DA:104,9
DA:105,2
DA:106,2
DA:107,2
DA:108,1
DA:111,1
DA:112,1
DA:120,9
DA:121,3
DA:122,3
DA:123,3
DA:124,1
DA:126,2
DA:127,2
DA:128,2
DA:129,1
DA:131,1
DA:142,9
DA:143,2
DA:144,2
DA:145,2
DA:146,1
DA:148,1
DA:149,1
DA:158,9
DA:159,2
DA:160,2
DA:161,2
DA:162,1
DA:164,1
DA:165,1
DA:175,9
DA:176,8
DA:177,8
DA:178,8
DA:179,1
DA:181,7
DA:182,7
DA:192,9
DA:193,2
DA:194,2
DA:195,2
DA:196,1
DA:198,1
DA:199,0
DA:208,9
DA:209,6
DA:210,6
DA:211,6
DA:212,6
DA:214,1
DA:216,5
DA:219,5
DA:220,0
DA:221,5
DA:222,2
DA:223,3
DA:224,0
DA:225,3
DA:226,1
DA:227,2
DA:228,2
DA:239,9
DA:240,2
DA:241,2
DA:242,2
DA:243,1
DA:245,1
DA:246,1
DA:257,9
DA:258,2
DA:259,2
DA:260,2
DA:261,1
DA:263,1
DA:264,1
DA:265,1
DA:266,1
DA:268,1
DA:277,9
LF:122
LH:119
BRDA:13,0,0,1
BRDA:13,0,1,1
BRDA:40,1,0,1
BRDA:40,1,1,9
BRDA:57,2,0,1
BRDA:57,2,1,48
BRDA:74,3,0,1
BRDA:74,3,1,1
BRDA:91,4,0,1
BRDA:91,4,1,1
BRDA:107,5,0,1
BRDA:107,5,1,1
BRDA:123,6,0,1
BRDA:123,6,1,2
BRDA:128,7,0,1
BRDA:128,7,1,1
BRDA:145,8,0,1
BRDA:145,8,1,1
BRDA:161,9,0,1
BRDA:161,9,1,1
BRDA:178,10,0,1
BRDA:178,10,1,7
BRDA:195,11,0,1
BRDA:195,11,1,1
BRDA:212,12,0,1
BRDA:212,12,1,5
BRDA:219,13,0,0
BRDA:219,13,1,5
BRDA:221,14,0,2
BRDA:221,14,1,3
BRDA:223,15,0,0
BRDA:223,15,1,3
BRDA:225,16,0,1
BRDA:225,16,1,2
BRDA:227,17,0,2
BRDA:227,17,1,0
BRDA:242,18,0,1
BRDA:242,18,1,1
BRDA:260,19,0,1
BRDA:260,19,1,1
BRF:40
BRH:37
end_of_record
TN:
SF:routes\classrooms.js
FN:8,(anonymous_0)
FN:25,(anonymous_1)
FN:42,(anonymous_2)
FN:77,(anonymous_3)
FN:94,(anonymous_4)
FN:111,(anonymous_5)
FN:141,(anonymous_6)
FN:158,(anonymous_7)
FN:180,(anonymous_8)
FNF:9
FNH:9
FNDA:2,(anonymous_0)
FNDA:2,(anonymous_1)
FNDA:107,(anonymous_2)
FNDA:2,(anonymous_3)
FNDA:101,(anonymous_4)
FNDA:7,(anonymous_5)
FNDA:101,(anonymous_6)
FNDA:2,(anonymous_7)
FNDA:2,(anonymous_8)
DA:1,9
DA:2,9
DA:3,9
DA:4,9
DA:5,9
DA:8,9
DA:9,2
DA:10,2
DA:11,2
DA:12,1
DA:14,1
DA:15,1
DA:25,9
DA:26,2
DA:27,2
DA:28,2
DA:29,1
DA:31,1
DA:32,1
DA:42,9
DA:43,107
DA:44,107
DA:45,107
DA:46,1
DA:48,106
DA:50,1
DA:52,2
DA:54,1
DA:56,1
DA:58,1
DA:60,100
DA:62,100
DA:63,100
DA:77,9
DA:78,2
DA:79,2
DA:80,2
DA:81,1
DA:83,1
DA:84,1
DA:94,9
DA:95,101
DA:96,101
DA:97,101
DA:98,1
DA:100,100
DA:101,100
DA:111,9
DA:112,7
DA:113,7
DA:114,7
DA:115,1
DA:117,6
DA:119,1
DA:121,1
DA:123,1
DA:125,1
DA:127,1
DA:129,1
DA:130,1
DA:141,9
DA:142,101
DA:143,101
DA:144,101
DA:145,1
DA:147,100
DA:148,100
DA:158,9
DA:159,2
DA:160,2
DA:161,2
DA:162,1
DA:164,1
DA:166,1
DA:167,1
DA:180,9
DA:181,2
DA:182,2
DA:183,2
DA:184,1
DA:186,1
DA:187,1
DA:196,9
LF:83
LH:83
BRDA:11,0,0,1
BRDA:11,0,1,1
BRDA:28,1,0,1
BRDA:28,1,1,1
BRDA:45,2,0,1
BRDA:45,2,1,106
BRDA:48,3,0,1
BRDA:48,3,1,2
BRDA:48,3,2,1
BRDA:48,3,3,1
BRDA:48,3,4,1
BRDA:48,3,5,100
BRDA:51,4,0,105
BRDA:51,4,1,103
BRDA:62,5,0,100
BRDA:80,6,0,1
BRDA:80,6,1,1
BRDA:97,7,0,1
BRDA:97,7,1,100
BRDA:114,8,0,1
BRDA:114,8,1,6
BRDA:117,9,0,1
BRDA:117,9,1,1
BRDA:117,9,2,1
BRDA:117,9,3,1
BRDA:117,9,4,1
BRDA:117,9,5,1
BRDA:120,10,0,5
BRDA:120,10,1,4
BRDA:144,11,0,1
BRDA:144,11,1,100
BRDA:161,12,0,1
BRDA:161,12,1,1
BRDA:166,13,0,1
BRDA:183,14,0,1
BRDA:183,14,1,1
BRF:36
BRH:36
end_of_record
TN:
SF:routes\days.js
FN:10,(anonymous_0)
FN:27,(anonymous_1)
FN:44,(anonymous_2)
FN:66,(anonymous_3)
FNF:4
FNH:4
FNDA:2,(anonymous_0)
FNDA:2,(anonymous_1)
FNDA:2,(anonymous_2)
FNDA:2,(anonymous_3)
DA:1,9
DA:2,9
DA:3,9
DA:4,9
DA:5,9
DA:7,9
DA:10,9
DA:11,2
DA:12,2
DA:13,2
DA:14,1
DA:16,1
DA:17,1
DA:27,9
DA:28,2
DA:29,2
DA:30,2
DA:31,1
DA:33,1
DA:34,1
DA:44,9
DA:45,2
DA:46,2
DA:47,2
DA:48,1
DA:50,1
DA:52,1
DA:53,1
DA:66,9
DA:67,2
DA:68,2
DA:69,2
DA:70,1
DA:72,1
DA:73,1
LF:35
LH:35
BRDA:13,0,0,1
BRDA:13,0,1,1
BRDA:30,1,0,1
BRDA:30,1,1,1
BRDA:47,2,0,1
BRDA:47,2,1,1
BRDA:52,3,0,1
BRDA:69,4,0,1
BRDA:69,4,1,1
BRF:9
BRH:9
end_of_record
TN:
SF:routes\facilities.js
FN:9,(anonymous_0)
FN:26,(anonymous_1)
FN:43,(anonymous_2)
FN:60,(anonymous_3)
FN:77,(anonymous_4)
FN:101,(anonymous_5)
FN:120,(anonymous_6)
FN:138,(anonymous_7)
FN:155,(anonymous_8)
FN:178,(anonymous_9)
FN:195,(anonymous_10)
FNF:11
FNH:11
FNDA:2,(anonymous_0)
FNDA:2,(anonymous_1)
FNDA:2,(anonymous_2)
FNDA:2,(anonymous_3)
FNDA:105,(anonymous_4)
FNDA:1,(anonymous_5)
FNDA:1,(anonymous_6)
FNDA:104,(anonymous_7)
FNDA:104,(anonymous_8)
FNDA:2,(anonymous_9)
FNDA:2,(anonymous_10)
DA:1,9
DA:2,9
DA:3,9
DA:4,9
DA:5,9
DA:6,9
DA:9,9
DA:10,2
DA:11,2
DA:12,2
DA:13,1
DA:15,1
DA:16,1
DA:26,9
DA:27,2
DA:28,2
DA:29,2
DA:30,1
DA:32,1
DA:33,1
DA:43,9
DA:44,2
DA:45,2
DA:46,2
DA:47,1
DA:49,1
DA:50,1
DA:60,9
DA:61,2
DA:62,2
DA:63,2
DA:64,1
DA:66,1
DA:67,1
DA:77,9
DA:78,105
DA:79,105
DA:80,105
DA:81,1
DA:83,104
DA:84,1
DA:85,103
DA:86,2
DA:88,101
DA:89,101
DA:99,9
DA:101,9
DA:102,1
DA:103,1
DA:105,1
DA:106,1
DA:120,9
DA:121,1
DA:122,1
DA:124,1
DA:125,1
DA:138,9
DA:139,104
DA:140,104
DA:141,104
DA:142,1
DA:144,103
DA:145,103
DA:155,9
DA:156,104
DA:157,104
DA:158,104
DA:159,1
DA:161,103
DA:162,1
DA:163,102
DA:164,2
DA:166,100
DA:167,100
DA:178,9
DA:179,2
DA:180,2
DA:181,2
DA:182,1
DA:184,1
DA:185,1
DA:195,9
DA:196,2
DA:197,2
DA:198,2
DA:199,1
DA:201,1
DA:202,0
DA:211,9
LF:89
LH:88
BRDA:12,0,0,1
BRDA:12,0,1,1
BRDA:29,1,0,1
BRDA:29,1,1,1
BRDA:46,2,0,1
BRDA:46,2,1,1
BRDA:63,3,0,1
BRDA:63,3,1,1
BRDA:80,4,0,1
BRDA:80,4,1,104
BRDA:83,5,0,1
BRDA:83,5,1,103
BRDA:85,6,0,2
BRDA:85,6,1,101
BRDA:85,7,0,103
BRDA:85,7,1,102
BRDA:105,8,0,1
BRDA:124,9,0,1
BRDA:141,10,0,1
BRDA:141,10,1,103
BRDA:158,11,0,1
BRDA:158,11,1,103
BRDA:161,12,0,1
BRDA:161,12,1,102
BRDA:163,13,0,2
BRDA:163,13,1,100
BRDA:163,14,0,102
BRDA:163,14,1,101
BRDA:181,15,0,1
BRDA:181,15,1,1
BRDA:198,16,0,1
BRDA:198,16,1,1
BRF:32
BRH:32
end_of_record
TN:
SF:routes\groups.js
FN:9,(anonymous_0)
FN:26,(anonymous_1)
FN:43,(anonymous_2)
FN:60,(anonymous_3)
FN:78,(anonymous_4)
FN:97,(anonymous_5)
FN:116,(anonymous_6)
FN:133,(anonymous_7)
FN:150,(anonymous_8)
FN:183,(anonymous_9)
FN:200,(anonymous_10)
FN:228,(anonymous_11)
FN:245,(anonymous_12)
FN:267,(anonymous_13)
FN:284,(anonymous_14)
FNF:15
FNH:15
FNDA:2,(anonymous_0)
FNDA:2,(anonymous_1)
FNDA:2,(anonymous_2)
FNDA:5,(anonymous_3)
FNDA:2,(anonymous_4)
FNDA:2,(anonymous_5)
FNDA:26,(anonymous_6)
FNDA:2,(anonymous_7)
FNDA:7,(anonymous_8)
FNDA:2,(anonymous_9)
FNDA:7,(anonymous_10)
FNDA:2,(anonymous_11)
FNDA:2,(anonymous_12)
FNDA:2,(anonymous_13)
FNDA:2,(anonymous_14)
DA:1,9
DA:2,9
DA:3,9
DA:4,9
DA:5,9
DA:6,9
DA:9,9
DA:10,2
DA:11,2
DA:12,2
DA:13,1
DA:15,1
DA:16,1
DA:26,9
DA:27,2
DA:28,2
DA:29,2
DA:30,1
DA:32,1
DA:33,1
DA:43,9
DA:44,2
DA:45,2
DA:46,2
DA:47,1
DA:49,1
DA:50,1
DA:60,9
DA:61,5
DA:62,5
DA:63,5
DA:64,1
DA:66,4
DA:67,4
DA:78,9
DA:79,2
DA:80,2
DA:81,2
DA:82,1
DA:84,1
DA:85,1
DA:86,1
DA:87,0
DA:97,9
DA:98,2
DA:99,2
DA:100,2
DA:101,1
DA:103,1
DA:104,1
DA:105,1
DA:106,0
DA:116,9
DA:117,26
DA:118,26
DA:119,26
DA:120,1
DA:122,25
DA:123,25
DA:133,9
DA:134,2
DA:135,2
DA:136,2
DA:137,1
DA:139,1
DA:140,1
DA:150,9
DA:151,7
DA:152,7
DA:153,7
DA:154,1
DA:156,6
DA:158,2
DA:160,1
DA:162,1
DA:164,1
DA:166,1
DA:168,1
DA:169,1
DA:183,9
DA:184,2
DA:185,2
DA:186,2
DA:187,1
DA:189,1
DA:190,1
DA:200,9
DA:201,7
DA:202,7
DA:203,7
DA:204,1
DA:206,6
DA:208,2
DA:210,1
DA:212,1
DA:214,1
DA:216,1
DA:217,1
DA:228,9
DA:229,2
DA:230,2
DA:231,2
DA:232,1
DA:234,1
DA:235,1
DA:245,9
DA:246,2
DA:247,2
DA:248,2
DA:249,1
DA:251,1
DA:253,1
DA:254,1
DA:267,9
DA:268,2
DA:269,2
DA:270,2
DA:271,1
DA:273,1
DA:274,1
DA:284,9
DA:285,2
DA:286,2
DA:287,2
DA:288,1
DA:290,1
DA:291,1
DA:300,9
LF:128
LH:126
BRDA:12,0,0,1
BRDA:12,0,1,1
BRDA:29,1,0,1
BRDA:29,1,1,1
BRDA:46,2,0,1
BRDA:46,2,1,1
BRDA:63,3,0,1
BRDA:63,3,1,4
BRDA:81,4,0,1
BRDA:81,4,1,1
BRDA:100,5,0,1
BRDA:100,5,1,1
BRDA:119,6,0,1
BRDA:119,6,1,25
BRDA:136,7,0,1
BRDA:136,7,1,1
BRDA:153,8,0,1
BRDA:153,8,1,6
BRDA:156,9,0,2
BRDA:156,9,1,1
BRDA:156,9,2,1
BRDA:156,9,3,1
BRDA:156,9,4,1
BRDA:157,10,0,6
BRDA:157,10,1,5
BRDA:168,11,0,1
BRDA:186,12,0,1
BRDA:186,12,1,1
BRDA:203,13,0,1
BRDA:203,13,1,6
BRDA:206,14,0,2
BRDA:206,14,1,1
BRDA:206,14,2,1
BRDA:206,14,3,1
BRDA:206,14,4,1
BRDA:207,15,0,6
BRDA:207,15,1,5
BRDA:231,16,0,1
BRDA:231,16,1,1
BRDA:248,17,0,1
BRDA:248,17,1,1
BRDA:253,18,0,1
BRDA:270,19,0,1
BRDA:270,19,1,1
BRDA:287,20,0,1
BRDA:287,20,1,1
BRF:46
BRH:46
end_of_record
TN:
SF:routes\statuses.js
FN:7,(anonymous_0)
FNF:1
FNH:1
FNDA:2,(anonymous_0)
DA:1,9
DA:2,9
DA:3,9
DA:4,9
DA:7,9
DA:8,2
DA:9,2
DA:10,2
DA:11,1
DA:13,1
DA:14,1
DA:23,9
LF:12
LH:12
BRDA:10,0,0,1
BRDA:10,0,1,1
BRF:2
BRH:2
end_of_record
TN:
SF:routes\subjects.js
FN:9,(anonymous_0)
FN:26,(anonymous_1)
FN:43,(anonymous_2)
FN:60,(anonymous_3)
FN:77,(anonymous_4)
FN:110,(anonymous_5)
FN:127,(anonymous_6)
FN:155,(anonymous_7)
FNF:8
FNH:8
FNDA:2,(anonymous_0)
FNDA:2,(anonymous_1)
FNDA:2,(anonymous_2)
FNDA:2,(anonymous_3)
FNDA:7,(anonymous_4)
FNDA:2,(anonymous_5)
FNDA:7,(anonymous_6)
FNDA:2,(anonymous_7)
DA:1,9
DA:2,9
DA:3,9
DA:4,9
DA:5,9
DA:6,9
DA:9,9
DA:10,2
DA:11,2
DA:12,2
DA:13,1
DA:15,1
DA:16,1
DA:26,9
DA:27,2
DA:28,2
DA:29,2
DA:30,1
DA:32,1
DA:33,1
DA:43,9
DA:44,2
DA:45,2
DA:46,2
DA:47,1
DA:49,1
DA:50,1
DA:60,9
DA:61,2
DA:62,2
DA:63,2
DA:64,1
DA:66,1
DA:67,1
DA:77,9
DA:78,7
DA:79,7
DA:80,7
DA:81,1
DA:83,6
DA:85,2
DA:87,1
DA:89,1
DA:91,1
DA:93,1
DA:95,1
DA:96,1
DA:110,9
DA:111,2
DA:112,2
DA:113,2
DA:114,1
DA:116,1
DA:117,1
DA:127,9
DA:128,7
DA:129,7
DA:130,7
DA:131,1
DA:133,6
DA:135,2
DA:137,1
DA:139,1
DA:141,1
DA:143,1
DA:144,1
DA:155,9
DA:156,2
DA:157,2
DA:158,2
DA:159,1
DA:161,1
DA:162,1
DA:171,9
LF:74
LH:74
BRDA:12,0,0,1
BRDA:12,0,1,1
BRDA:29,1,0,1
BRDA:29,1,1,1
BRDA:46,2,0,1
BRDA:46,2,1,1
BRDA:63,3,0,1
BRDA:63,3,1,1
BRDA:80,4,0,1
BRDA:80,4,1,6
BRDA:83,5,0,2
BRDA:83,5,1,1
BRDA:83,5,2,1
BRDA:83,5,3,1
BRDA:83,5,4,1
BRDA:84,6,0,6
BRDA:84,6,1,5
BRDA:95,7,0,1
BRDA:113,8,0,1
BRDA:113,8,1,1
BRDA:130,9,0,1
BRDA:130,9,1,6
BRDA:133,10,0,2
BRDA:133,10,1,1
BRDA:133,10,2,1
BRDA:133,10,3,1
BRDA:133,10,4,1
BRDA:134,11,0,6
BRDA:134,11,1,5
BRDA:158,12,0,1
BRDA:158,12,1,1
BRF:31
BRH:31
end_of_record
TN:
SF:routes\users.js
FN:15,(anonymous_0)
FN:32,(anonymous_1)
FN:50,(anonymous_2)
FN:68,(anonymous_3)
FN:86,(anonymous_4)
FN:105,(anonymous_5)
FN:124,(anonymous_6)
FN:143,(anonymous_7)
FN:161,(anonymous_8)
FN:180,(anonymous_9)
FN:194,(anonymous_10)
FN:208,(anonymous_11)
FN:226,(anonymous_12)
FN:262,(anonymous_13)
FN:269,addUsr
FN:285,(anonymous_15)
FN:304,(anonymous_16)
FN:322,(anonymous_17)
FN:358,(anonymous_18)
FN:375,(anonymous_19)
FN:391,(anonymous_20)
FN:409,(anonymous_21)
FN:426,(anonymous_22)
FN:443,(anonymous_23)
FN:460,(anonymous_24)
FN:477,(anonymous_25)
FNF:26
FNH:26
FNDA:2,(anonymous_0)
FNDA:2,(anonymous_1)
FNDA:2,(anonymous_2)
FNDA:2,(anonymous_3)
FNDA:2,(anonymous_4)
FNDA:2,(anonymous_5)
FNDA:1,(anonymous_6)
FNDA:2,(anonymous_7)
FNDA:2,(anonymous_8)
FNDA:2,(anonymous_9)
FNDA:1,(anonymous_10)
FNDA:1,(anonymous_11)
FNDA:14,(anonymous_12)
FNDA:2,(anonymous_13)
FNDA:1,addUsr
FNDA:22,(anonymous_15)
FNDA:7,(anonymous_16)
FNDA:17,(anonymous_17)
FNDA:3,(anonymous_18)
FNDA:2,(anonymous_19)
FNDA:17,(anonymous_20)
FNDA:2,(anonymous_21)
FNDA:2,(anonymous_22)
FNDA:2,(anonymous_23)
FNDA:2,(anonymous_24)
FNDA:2,(anonymous_25)
DA:1,9
DA:2,9
DA:3,9
DA:4,9
DA:5,9
DA:6,9
DA:15,9
DA:16,2
DA:17,2
DA:18,2
DA:19,1
DA:21,1
DA:22,1
DA:32,9
DA:33,2
DA:34,2
DA:36,2
DA:37,1
DA:39,1
DA:40,1
DA:50,9
DA:51,2
DA:52,2
DA:54,2
DA:55,1
DA:57,1
DA:58,1
DA:68,9
DA:69,2
DA:70,2
DA:72,2
DA:73,1
DA:75,1
DA:76,1
DA:86,9
DA:87,2
DA:88,2
DA:90,2
DA:91,1
DA:93,1
DA:95,1
DA:105,9
DA:106,2
DA:107,2
DA:109,2
DA:110,1
DA:112,1
DA:113,1
DA:122,9
DA:124,9
DA:125,1
DA:126,1
DA:129,1
DA:130,1
DA:143,9
DA:144,2
DA:145,2
DA:147,2
DA:148,1
DA:150,1
DA:151,1
DA:161,9
DA:162,2
DA:163,2
DA:165,2
DA:166,1
DA:168,1
DA:169,1
DA:180,9
DA:181,2
DA:182,2
DA:183,2
DA:184,2
DA:194,9
DA:195,1
DA:196,1
DA:197,1
DA:198,1
DA:208,9
DA:209,1
DA:210,1
DA:211,1
DA:213,1
DA:214,0
DA:226,9
DA:227,14
DA:228,14
DA:229,14
DA:230,1
DA:232,13
DA:234,1
DA:236,1
DA:238,1
DA:240,1
DA:242,2
DA:244,2
DA:246,1
DA:248,1
DA:250,3
DA:251,2
DA:262,9
DA:263,2
DA:264,2
DA:265,2
DA:266,1
DA:268,1
DA:270,1
DA:271,1
DA:274,1
DA:275,1
DA:285,9
DA:287,22
DA:288,22
DA:289,22
DA:290,1
DA:291,1
DA:293,21
DA:294,21
DA:304,9
DA:305,7
DA:306,7
DA:307,7
DA:308,1
DA:309,1
DA:311,6
DA:312,6
DA:322,9
DA:323,17
DA:324,17
DA:325,17
DA:326,1
DA:328,16
DA:330,1
DA:332,2
DA:334,1
DA:336,1
DA:338,2
DA:340,2
DA:342,1
DA:344,1
DA:346,5
DA:347,5
DA:358,9
DA:359,3
DA:360,3
DA:361,3
DA:362,1
DA:364,2
DA:365,2
DA:375,9
DA:376,2
DA:377,2
DA:378,2
DA:379,1
DA:381,1
DA:382,1
DA:391,9
DA:392,17
DA:393,17
DA:394,17
DA:395,17
DA:396,1
DA:398,16
DA:399,16
DA:409,9
DA:410,2
DA:411,2
DA:412,2
DA:413,1
DA:415,1
DA:416,1
DA:426,9
DA:427,2
DA:428,2
DA:429,2
DA:430,1
DA:432,1
DA:433,1
DA:443,9
DA:444,2
DA:445,2
DA:446,2
DA:447,1
DA:449,1
DA:450,1
DA:460,9
DA:461,2
DA:462,2
DA:463,2
DA:464,1
DA:466,1
DA:467,1
DA:477,9
DA:478,2
DA:479,2
DA:480,2
DA:481,1
DA:483,1
DA:484,1
DA:494,9
LF:200
LH:199
BRDA:18,0,0,1
BRDA:18,0,1,1
BRDA:36,1,0,1
BRDA:36,1,1,1
BRDA:54,2,0,1
BRDA:54,2,1,1
BRDA:72,3,0,1
BRDA:72,3,1,1
BRDA:90,4,0,1
BRDA:90,4,1,1
BRDA:109,5,0,1
BRDA:109,5,1,1
BRDA:129,6,0,1
BRDA:147,7,0,1
BRDA:147,7,1,1
BRDA:165,8,0,1
BRDA:165,8,1,1
BRDA:213,9,0,0
BRDA:229,10,0,1
BRDA:229,10,1,13
BRDA:232,11,0,1
BRDA:232,11,1,1
BRDA:232,11,2,1
BRDA:232,11,3,1
BRDA:232,11,4,2
BRDA:232,11,5,2
BRDA:232,11,6,1
BRDA:232,11,7,1
BRDA:232,11,8,3
BRDA:241,12,0,9
BRDA:241,12,1,8
BRDA:243,13,0,7
BRDA:243,13,1,6
BRDA:245,14,0,5
BRDA:245,14,1,2
BRDA:247,15,0,4
BRDA:247,15,1,2
BRDA:265,16,0,1
BRDA:265,16,1,1
BRDA:289,17,0,1
BRDA:289,17,1,21
BRDA:307,18,0,1
BRDA:307,18,1,6
BRDA:325,19,0,1
BRDA:325,19,1,16
BRDA:328,20,0,1
BRDA:328,20,1,2
BRDA:328,20,2,1
BRDA:328,20,3,1
BRDA:328,20,4,2
BRDA:328,20,5,2
BRDA:328,20,6,1
BRDA:328,20,7,1
BRDA:328,20,8,5
BRDA:337,21,0,11
BRDA:337,21,1,10
BRDA:339,22,0,9
BRDA:339,22,1,8
BRDA:341,23,0,7
BRDA:341,23,1,2
BRDA:343,24,0,6
BRDA:343,24,1,4
BRDA:361,25,0,1
BRDA:361,25,1,2
BRDA:378,26,0,1
BRDA:378,26,1,1
BRDA:395,27,0,1
BRDA:395,27,1,16
BRDA:412,28,0,1
BRDA:412,28,1,1
BRDA:429,29,0,1
BRDA:429,29,1,1
BRDA:446,30,0,1
BRDA:446,30,1,1
BRDA:463,31,0,1
BRDA:463,31,1,1
BRDA:480,32,0,1
BRDA:480,32,1,1
BRF:78
BRH:77
end_of_record
